######################################################################
full model fine-tuning
/usr/lib/python3/dist-packages/requests/__init__.py:89: RequestsDependencyWarning: urllib3 (2.0.2) or chardet (3.0.4) doesn't match a supported version!
  warnings.warn("urllib3 ({}) or chardet ({}) doesn't match a supported "
Using cuda

  0%|          | 0/2 [00:00<?, ?it/s]
100%|██████████| 2/2 [00:00<00:00, 14.39it/s]
100%|██████████| 2/2 [00:00<00:00, 14.35it/s]
Downloading and preparing dataset glue/mnli to /home/schalkapurka_umass_edu/.cache/huggingface/datasets/glue/mnli/1.0.0/dacbe3125aa31d7f70367a07a8a9e72a5a0bfeb5fc42e75c9db75b96da6053ad...

Generating train split:   0%|          | 0/392702 [00:00<?, ? examples/s]
Generating train split:   0%|          | 1000/392702 [00:00<00:56, 6950.48 examples/s]
Generating train split:   1%|          | 2353/392702 [00:00<00:38, 10227.52 examples/s]
Generating train split:   1%|          | 3749/392702 [00:00<00:33, 11748.03 examples/s]
Generating train split:   1%|▏         | 5147/392702 [00:00<00:30, 12575.75 examples/s]
Generating train split:   2%|▏         | 6589/392702 [00:00<00:29, 13211.98 examples/s]
Generating train split:   2%|▏         | 8000/392702 [00:00<00:28, 13438.57 examples/s]
Generating train split:   2%|▏         | 9635/392702 [00:00<00:26, 14367.50 examples/s]
Generating train split:   3%|▎         | 11384/392702 [00:00<00:24, 15343.96 examples/s]
Generating train split:   3%|▎         | 13165/392702 [00:00<00:23, 16102.45 examples/s]
Generating train split:   4%|▍         | 14996/392702 [00:01<00:22, 16776.51 examples/s]
Generating train split:   4%|▍         | 16769/392702 [00:01<00:22, 17063.80 examples/s]
Generating train split:   5%|▍         | 18555/392702 [00:01<00:21, 17302.85 examples/s]
Generating train split:   5%|▌         | 20326/392702 [00:01<00:21, 17424.96 examples/s]
Generating train split:   6%|▌         | 22108/392702 [00:01<00:21, 17539.29 examples/s]
Generating train split:   6%|▌         | 23937/392702 [00:01<00:20, 17600.88 examples/s]
Generating train split:   7%|▋         | 25722/392702 [00:01<00:20, 17672.78 examples/s]
Generating train split:   7%|▋         | 28311/392702 [00:01<00:20, 17506.92 examples/s]
Generating train split:   8%|▊         | 30824/392702 [00:01<00:21, 17191.94 examples/s]
Generating train split:   8%|▊         | 32559/392702 [00:02<00:20, 17228.13 examples/s]
Generating train split:   9%|▉         | 35142/392702 [00:02<00:20, 17222.35 examples/s]
Generating train split:   9%|▉         | 36966/392702 [00:02<00:20, 17475.71 examples/s]
Generating train split:  10%|▉         | 38731/392702 [00:02<00:20, 17519.38 examples/s]
Generating train split:  10%|█         | 40505/392702 [00:02<00:20, 17341.80 examples/s]
Generating train split:  11%|█         | 42244/392702 [00:02<00:20, 17350.44 examples/s]
Generating train split:  11%|█         | 44012/392702 [00:02<00:19, 17441.78 examples/s]
Generating train split:  12%|█▏        | 45817/392702 [00:02<00:19, 17616.46 examples/s]
Generating train split:  12%|█▏        | 48443/392702 [00:02<00:19, 17571.76 examples/s]
Generating train split:  13%|█▎        | 50205/392702 [00:03<00:19, 17582.21 examples/s]
Generating train split:  13%|█▎        | 52000/392702 [00:03<00:19, 17608.75 examples/s]
Generating train split:  14%|█▎        | 53808/392702 [00:03<00:19, 17739.38 examples/s]
Generating train split:  14%|█▍        | 56445/392702 [00:03<00:19, 17675.89 examples/s]
Generating train split:  15%|█▌        | 59089/392702 [00:03<00:18, 17654.36 examples/s]
Generating train split:  16%|█▌        | 60928/392702 [00:03<00:18, 17782.61 examples/s]
Generating train split:  16%|█▌        | 63559/392702 [00:03<00:18, 17696.06 examples/s]
Generating train split:  17%|█▋        | 66183/392702 [00:03<00:18, 17626.77 examples/s]
Generating train split:  17%|█▋        | 67990/392702 [00:04<00:18, 17731.14 examples/s]
Generating train split:  18%|█▊        | 70633/392702 [00:04<00:18, 17691.12 examples/s]
Generating train split:  19%|█▊        | 73266/392702 [00:04<00:18, 17640.73 examples/s]
Generating train split:  19%|█▉        | 75949/392702 [00:04<00:17, 17715.39 examples/s]
Generating train split:  20%|█▉        | 78504/392702 [00:04<00:17, 17498.14 examples/s]
Generating train split:  20%|██        | 80256/392702 [00:04<00:17, 17502.80 examples/s]
Generating train split:  21%|██        | 82011/392702 [00:04<00:17, 17512.17 examples/s]
Generating train split:  21%|██▏       | 83821/392702 [00:04<00:17, 17663.62 examples/s]
Generating train split:  22%|██▏       | 85611/392702 [00:05<00:17, 17722.25 examples/s]
Generating train split:  22%|██▏       | 88238/392702 [00:05<00:17, 17642.15 examples/s]
Generating train split:  23%|██▎       | 90012/392702 [00:05<00:17, 17664.80 examples/s]
Generating train split:  23%|██▎       | 91828/392702 [00:05<00:16, 17798.07 examples/s]
Generating train split:  24%|██▍       | 93612/392702 [00:05<00:16, 17807.10 examples/s]
Generating train split:  25%|██▍       | 96219/392702 [00:05<00:22, 13207.72 examples/s]
Generating train split:  25%|██▍       | 98000/392702 [00:05<00:20, 14153.89 examples/s]
Generating train split:  25%|██▌       | 99807/392702 [00:05<00:19, 15056.13 examples/s]
Generating train split:  26%|██▌       | 101583/392702 [00:06<00:18, 15724.25 examples/s]
Generating train split:  26%|██▋       | 103362/392702 [00:06<00:17, 16263.25 examples/s]
Generating train split:  27%|██▋       | 106000/392702 [00:06<00:17, 16683.75 examples/s]
Generating train split:  27%|██▋       | 107836/392702 [00:06<00:16, 17108.05 examples/s]
Generating train split:  28%|██▊       | 109631/392702 [00:06<00:16, 17330.99 examples/s]
Generating train split:  29%|██▊       | 112272/392702 [00:06<00:16, 17430.70 examples/s]
Generating train split:  29%|██▉       | 114039/392702 [00:06<00:15, 17488.57 examples/s]
Generating train split:  30%|██▉       | 115861/392702 [00:06<00:15, 17679.75 examples/s]
Generating train split:  30%|███       | 118499/392702 [00:07<00:15, 17642.00 examples/s]
Generating train split:  31%|███       | 121136/392702 [00:07<00:15, 17618.64 examples/s]
Generating train split:  31%|███▏      | 122945/392702 [00:07<00:15, 17733.08 examples/s]
Generating train split:  32%|███▏      | 125597/392702 [00:07<00:15, 17712.80 examples/s]
Generating train split:  33%|███▎      | 128237/392702 [00:07<00:14, 17671.10 examples/s]
Generating train split:  33%|███▎      | 130931/392702 [00:07<00:14, 17760.74 examples/s]
Generating train split:  34%|███▍      | 133575/392702 [00:07<00:14, 17715.96 examples/s]
Generating train split:  34%|███▍      | 135350/392702 [00:07<00:14, 17720.72 examples/s]
Generating train split:  35%|███▌      | 137926/392702 [00:08<00:14, 17532.87 examples/s]
Generating train split:  36%|███▌      | 139685/392702 [00:08<00:14, 17545.12 examples/s]
Generating train split:  36%|███▌      | 141449/392702 [00:08<00:14, 17566.78 examples/s]
Generating train split:  36%|███▋      | 143217/392702 [00:08<00:14, 17594.94 examples/s]
Generating train split:  37%|███▋      | 145000/392702 [00:08<00:14, 17597.07 examples/s]
Generating train split:  37%|███▋      | 146821/392702 [00:08<00:13, 17765.09 examples/s]
Generating train split:  38%|███▊      | 149470/392702 [00:08<00:13, 17721.75 examples/s]
Generating train split:  39%|███▊      | 152117/392702 [00:08<00:13, 17691.50 examples/s]
Generating train split:  39%|███▉      | 153919/392702 [00:09<00:13, 17765.21 examples/s]
Generating train split:  40%|███▉      | 156549/392702 [00:09<00:13, 17680.37 examples/s]
Generating train split:  41%|████      | 159201/392702 [00:09<00:13, 17678.49 examples/s]
Generating train split:  41%|████      | 161000/392702 [00:09<00:13, 17663.86 examples/s]
Generating train split:  41%|████▏     | 162801/392702 [00:09<00:12, 17748.27 examples/s]
Generating train split:  42%|████▏     | 165475/392702 [00:09<00:12, 17775.32 examples/s]
Generating train split:  43%|████▎     | 167276/392702 [00:09<00:12, 17829.74 examples/s]
Generating train split:  43%|████▎     | 169088/392702 [00:09<00:12, 17904.50 examples/s]
Generating train split:  44%|████▎     | 170931/392702 [00:10<00:12, 18043.77 examples/s]
Generating train split:  44%|████▍     | 173636/392702 [00:10<00:12, 18036.67 examples/s]
Generating train split:  45%|████▍     | 176339/392702 [00:10<00:12, 18028.27 examples/s]
Generating train split:  46%|████▌     | 179036/392702 [00:10<00:11, 18009.66 examples/s]
Generating train split:  46%|████▌     | 180895/392702 [00:10<00:11, 18146.44 examples/s]
Generating train split:  47%|████▋     | 183601/392702 [00:10<00:11, 18106.93 examples/s]
Generating train split:  47%|████▋     | 185432/392702 [00:10<00:11, 18154.51 examples/s]
Generating train split:  48%|████▊     | 188154/392702 [00:10<00:11, 18148.71 examples/s]
Generating train split:  48%|████▊     | 190000/392702 [00:11<00:11, 18114.78 examples/s]
Generating train split:  49%|████▉     | 191852/392702 [00:11<00:11, 18218.31 examples/s]
Generating train split:  50%|████▉     | 194559/392702 [00:11<00:10, 18153.34 examples/s]
Generating train split:  50%|█████     | 197275/392702 [00:11<00:10, 18133.94 examples/s]
Generating train split:  51%|█████     | 200000/392702 [00:11<00:10, 18111.84 examples/s]
Generating train split:  51%|█████▏    | 201856/392702 [00:11<00:10, 18213.54 examples/s]
Generating train split:  52%|█████▏    | 204569/392702 [00:11<00:10, 18166.79 examples/s]
Generating train split:  53%|█████▎    | 207291/392702 [00:12<00:10, 18158.04 examples/s]
Generating train split:  53%|█████▎    | 209790/392702 [00:12<00:10, 17679.30 examples/s]
Generating train split:  54%|█████▍    | 211614/392702 [00:12<00:10, 17808.52 examples/s]
Generating train split:  54%|█████▍    | 213418/392702 [00:12<00:10, 17863.30 examples/s]
Generating train split:  55%|█████▌    | 216035/392702 [00:12<00:09, 17712.56 examples/s]
Generating train split:  55%|█████▌    | 217892/392702 [00:12<00:09, 17922.26 examples/s]
Generating train split:  56%|█████▌    | 220535/392702 [00:12<00:09, 17815.13 examples/s]
Generating train split:  57%|█████▋    | 223166/392702 [00:12<00:09, 17718.92 examples/s]
Generating train split:  57%|█████▋    | 224982/392702 [00:13<00:09, 17822.82 examples/s]
Generating train split:  58%|█████▊    | 227620/392702 [00:13<00:09, 17738.76 examples/s]
Generating train split:  59%|█████▊    | 230256/392702 [00:13<00:09, 17681.47 examples/s]
Generating train split:  59%|█████▉    | 232956/392702 [00:13<00:08, 17778.44 examples/s]
Generating train split:  60%|█████▉    | 235619/392702 [00:13<00:08, 17768.31 examples/s]
Generating train split:  61%|██████    | 238252/392702 [00:13<00:08, 17701.13 examples/s]
Generating train split:  61%|██████    | 240024/392702 [00:13<00:08, 17704.40 examples/s]
Generating train split:  62%|██████▏   | 241838/392702 [00:13<00:08, 17807.35 examples/s]
Generating train split:  62%|██████▏   | 244491/392702 [00:14<00:08, 17762.26 examples/s]
Generating train split:  63%|██████▎   | 247141/392702 [00:14<00:08, 17726.81 examples/s]
Generating train split:  63%|██████▎   | 248966/392702 [00:14<00:08, 17849.25 examples/s]
Generating train split:  64%|██████▍   | 251598/392702 [00:14<00:07, 17741.23 examples/s]
Generating train split:  65%|██████▍   | 254250/392702 [00:14<00:07, 17719.07 examples/s]
Generating train split:  65%|██████▌   | 256954/392702 [00:14<00:07, 17813.00 examples/s]
Generating train split:  66%|██████▌   | 259594/392702 [00:14<00:07, 17741.98 examples/s]
Generating train split:  67%|██████▋   | 262238/392702 [00:15<00:07, 17704.51 examples/s]
Generating train split:  67%|██████▋   | 264932/392702 [00:15<00:07, 17762.53 examples/s]
Generating train split:  68%|██████▊   | 267579/392702 [00:15<00:07, 17724.65 examples/s]
Generating train split:  69%|██████▉   | 270227/392702 [00:15<00:06, 17700.19 examples/s]
Generating train split:  69%|██████▉   | 272018/392702 [00:15<00:06, 17745.50 examples/s]
Generating train split:  70%|██████▉   | 273835/392702 [00:15<00:06, 17846.77 examples/s]
Generating train split:  70%|███████   | 276487/392702 [00:15<00:06, 17783.95 examples/s]
Generating train split:  71%|███████   | 279138/392702 [00:16<00:06, 17745.33 examples/s]
Generating train split:  72%|███████▏  | 280958/392702 [00:16<00:06, 17851.56 examples/s]
Generating train split:  72%|███████▏  | 283600/392702 [00:16<00:06, 17769.16 examples/s]
Generating train split:  73%|███████▎  | 286266/392702 [00:16<00:05, 17764.51 examples/s]
Generating train split:  74%|███████▎  | 288966/392702 [00:16<00:05, 17835.98 examples/s]
Generating train split:  74%|███████▍  | 291626/392702 [00:16<00:05, 17802.46 examples/s]
Generating train split:  75%|███████▍  | 294280/392702 [00:16<00:05, 17764.10 examples/s]
Generating train split:  76%|███████▌  | 296995/392702 [00:17<00:05, 17864.43 examples/s]
Generating train split:  76%|███████▋  | 299630/392702 [00:17<00:05, 17772.73 examples/s]
Generating train split:  77%|███████▋  | 302291/392702 [00:17<00:05, 17759.43 examples/s]
Generating train split:  78%|███████▊  | 304978/392702 [00:17<00:04, 17803.21 examples/s]
Generating train split:  78%|███████▊  | 307619/392702 [00:17<00:04, 17740.77 examples/s]
Generating train split:  79%|███████▉  | 310189/392702 [00:17<00:04, 17554.85 examples/s]
Generating train split:  79%|███████▉  | 311979/392702 [00:17<00:04, 17630.52 examples/s]
Generating train split:  80%|████████  | 314609/392702 [00:18<00:04, 17597.88 examples/s]
Generating train split:  81%|████████  | 316376/392702 [00:18<00:04, 17612.49 examples/s]
Generating train split:  81%|████████  | 319015/392702 [00:18<00:04, 17602.38 examples/s]
Generating train split:  82%|████████▏ | 320823/392702 [00:18<00:04, 17715.58 examples/s]
Generating train split:  82%|████████▏ | 323468/392702 [00:18<00:03, 17679.95 examples/s]
Generating train split:  83%|████████▎ | 325241/392702 [00:18<00:03, 17687.63 examples/s]
Generating train split:  84%|████████▎ | 327933/392702 [00:18<00:03, 17775.46 examples/s]
Generating train split:  84%|████████▍ | 330601/392702 [00:18<00:03, 17775.57 examples/s]
Generating train split:  85%|████████▍ | 333181/392702 [00:19<00:03, 17587.59 examples/s]
Generating train split:  85%|████████▌ | 335000/392702 [00:19<00:03, 17646.06 examples/s]
Generating train split:  86%|████████▌ | 336854/392702 [00:19<00:03, 17864.90 examples/s]
Generating train split:  86%|████████▌ | 338659/392702 [00:19<00:03, 17911.27 examples/s]
Generating train split:  87%|████████▋ | 340473/392702 [00:19<00:02, 17971.99 examples/s]
Generating train split:  87%|████████▋ | 342281/392702 [00:19<00:02, 17999.83 examples/s]
Generating train split:  88%|████████▊ | 344096/392702 [00:19<00:02, 18039.62 examples/s]
Generating train split:  88%|████████▊ | 345965/392702 [00:19<00:02, 18206.89 examples/s]
Generating train split:  89%|████████▉ | 348670/392702 [00:19<00:02, 18136.80 examples/s]
Generating train split:  89%|████████▉ | 351377/392702 [00:20<00:02, 18101.28 examples/s]
Generating train split:  90%|█████████ | 354084/392702 [00:20<00:02, 18079.67 examples/s]
Generating train split:  91%|█████████ | 355946/392702 [00:20<00:02, 18165.12 examples/s]
Generating train split:  91%|█████████▏| 358666/392702 [00:20<00:01, 18150.30 examples/s]
Generating train split:  92%|█████████▏| 361382/392702 [00:20<00:01, 18135.05 examples/s]
Generating train split:  93%|█████████▎| 364089/392702 [00:20<00:01, 18103.52 examples/s]
Generating train split:  93%|█████████▎| 365964/392702 [00:20<00:01, 18204.99 examples/s]
Generating train split:  94%|█████████▍| 368634/392702 [00:21<00:01, 18067.72 examples/s]
Generating train split:  95%|█████████▍| 371147/392702 [00:21<00:01, 17641.03 examples/s]
Generating train split:  95%|█████████▍| 372947/392702 [00:21<00:01, 17722.39 examples/s]
Generating train split:  96%|█████████▌| 375576/392702 [00:21<00:00, 17655.57 examples/s]
Generating train split:  96%|█████████▋| 378221/392702 [00:21<00:00, 17646.55 examples/s]
Generating train split:  97%|█████████▋| 380000/392702 [00:21<00:00, 17633.06 examples/s]
Generating train split:  97%|█████████▋| 381825/392702 [00:21<00:00, 17785.25 examples/s]
Generating train split:  98%|█████████▊| 384478/392702 [00:21<00:00, 17747.23 examples/s]
Generating train split:  99%|█████████▊| 387130/392702 [00:22<00:00, 17722.06 examples/s]
Generating train split:  99%|█████████▉| 388921/392702 [00:22<00:00, 17765.55 examples/s]
Generating train split: 100%|█████████▉| 391560/392702 [00:22<00:00, 17704.08 examples/s]
                                                                                         

Generating validation_matched split:   0%|          | 0/9815 [00:00<?, ? examples/s]
Generating validation_matched split:  14%|█▍        | 1388/9815 [00:00<00:00, 13403.32 examples/s]
Generating validation_matched split:  32%|███▏      | 3112/9815 [00:00<00:00, 15626.01 examples/s]
Generating validation_matched split:  50%|█████     | 4939/9815 [00:00<00:00, 16817.33 examples/s]
Generating validation_matched split:  68%|██████▊   | 6708/9815 [00:00<00:00, 17153.77 examples/s]
Generating validation_matched split:  86%|████████▋ | 8477/9815 [00:00<00:00, 17343.01 examples/s]
                                                                                                  

Generating validation_mismatched split:   0%|          | 0/9832 [00:00<?, ? examples/s]
Generating validation_mismatched split:  15%|█▌        | 1521/9832 [00:00<00:00, 14509.83 examples/s]
Generating validation_mismatched split:  32%|███▏      | 3188/9832 [00:00<00:00, 15746.59 examples/s]
Generating validation_mismatched split:  57%|█████▋    | 5613/9832 [00:00<00:00, 15974.92 examples/s]
Generating validation_mismatched split:  75%|███████▍  | 7354/9832 [00:00<00:00, 16468.28 examples/s]
Generating validation_mismatched split:  93%|█████████▎| 9099/9832 [00:00<00:00, 16789.02 examples/s]
                                                                                                     

Generating test_matched split:   0%|          | 0/9796 [00:00<?, ? examples/s]
Generating test_matched split:  17%|█▋        | 1674/9796 [00:00<00:00, 16106.66 examples/s]
Generating test_matched split:  37%|███▋      | 3613/9796 [00:00<00:00, 18002.01 examples/s]
Generating test_matched split:  57%|█████▋    | 5568/9796 [00:00<00:00, 18700.45 examples/s]
Generating test_matched split:  76%|███████▋  | 7491/9796 [00:00<00:00, 18904.11 examples/s]
Generating test_matched split:  96%|█████████▋| 9442/9796 [00:00<00:00, 19120.99 examples/s]
                                                                                            

Generating test_mismatched split:   0%|          | 0/9847 [00:00<?, ? examples/s]
Generating test_mismatched split:  17%|█▋        | 1668/9847 [00:00<00:00, 16038.89 examples/s]
Generating test_mismatched split:  36%|███▌      | 3553/9847 [00:00<00:00, 17653.68 examples/s]
Generating test_mismatched split:  56%|█████▌    | 5491/9847 [00:00<00:00, 18430.33 examples/s]
Generating test_mismatched split:  75%|███████▌  | 7407/9847 [00:00<00:00, 18712.89 examples/s]
Generating test_mismatched split: 100%|██████████| 9847/9847 [00:00<00:00, 18690.04 examples/s]
                                                                                               
Dataset glue downloaded and prepared to /home/schalkapurka_umass_edu/.cache/huggingface/datasets/glue/mnli/1.0.0/dacbe3125aa31d7f70367a07a8a9e72a5a0bfeb5fc42e75c9db75b96da6053ad. Subsequent calls will reuse this data.

Map:   0%|          | 0/392702 [00:00<?, ? examples/s]
Map:   0%|          | 1000/392702 [00:00<02:27, 2659.75 examples/s]
Map:   1%|          | 2000/392702 [00:00<02:05, 3124.89 examples/s]
Map:   1%|          | 3000/392702 [00:00<01:53, 3433.34 examples/s]
Map:   1%|          | 4000/392702 [00:01<01:48, 3592.95 examples/s]
Map:   1%|▏         | 5000/392702 [00:01<01:45, 3679.09 examples/s]
Map:   2%|▏         | 6000/392702 [00:01<01:43, 3748.86 examples/s]
Map:   2%|▏         | 7000/392702 [00:01<01:42, 3761.52 examples/s]
Map:   2%|▏         | 8000/392702 [00:02<01:41, 3778.58 examples/s]
Map:   2%|▏         | 9000/392702 [00:02<01:56, 3298.46 examples/s]
Map:   3%|▎         | 10000/392702 [00:02<01:50, 3473.53 examples/s]
Map:   3%|▎         | 11000/392702 [00:03<01:46, 3593.16 examples/s]
Map:   3%|▎         | 12000/392702 [00:03<01:43, 3681.24 examples/s]
Map:   3%|▎         | 13000/392702 [00:03<01:41, 3757.90 examples/s]
Map:   4%|▎         | 14000/392702 [00:03<01:39, 3797.94 examples/s]
Map:   4%|▍         | 15000/392702 [00:04<01:38, 3820.85 examples/s]
Map:   4%|▍         | 16000/392702 [00:04<01:37, 3844.07 examples/s]
Map:   4%|▍         | 17000/392702 [00:04<01:37, 3861.81 examples/s]
Map:   5%|▍         | 18000/392702 [00:04<01:37, 3861.61 examples/s]
Map:   5%|▍         | 19000/392702 [00:05<01:36, 3865.41 examples/s]
Map:   5%|▌         | 20000/392702 [00:05<01:37, 3837.75 examples/s]
Map:   5%|▌         | 21000/392702 [00:05<01:35, 3885.19 examples/s]
Map:   6%|▌         | 22000/392702 [00:05<01:36, 3844.44 examples/s]
Map:   6%|▌         | 23000/392702 [00:06<01:36, 3835.36 examples/s]
Map:   6%|▌         | 24000/392702 [00:06<01:35, 3861.61 examples/s]
Map:   6%|▋         | 25000/392702 [00:06<01:34, 3875.13 examples/s]
Map:   7%|▋         | 26000/392702 [00:06<01:34, 3867.85 examples/s]
Map:   7%|▋         | 27000/392702 [00:07<01:34, 3883.56 examples/s]
Map:   7%|▋         | 28000/392702 [00:07<01:47, 3397.52 examples/s]
Map:   7%|▋         | 29000/392702 [00:07<01:43, 3520.11 examples/s]
Map:   8%|▊         | 30000/392702 [00:08<01:40, 3620.06 examples/s]
Map:   8%|▊         | 31000/392702 [00:08<01:38, 3677.37 examples/s]
Map:   8%|▊         | 32000/392702 [00:08<01:35, 3758.48 examples/s]
Map:   8%|▊         | 33000/392702 [00:08<01:34, 3815.18 examples/s]
Map:   9%|▊         | 34000/392702 [00:09<01:32, 3860.70 examples/s]
Map:   9%|▉         | 35000/392702 [00:09<01:32, 3885.35 examples/s]
Map:   9%|▉         | 36000/392702 [00:09<01:31, 3886.00 examples/s]
Map:   9%|▉         | 37000/392702 [00:09<01:31, 3893.25 examples/s]
Map:  10%|▉         | 38000/392702 [00:10<01:30, 3906.42 examples/s]
Map:  10%|▉         | 39000/392702 [00:10<01:30, 3892.60 examples/s]
Map:  10%|█         | 40000/392702 [00:10<01:30, 3906.27 examples/s]
Map:  10%|█         | 41000/392702 [00:10<01:30, 3889.80 examples/s]
Map:  11%|█         | 42000/392702 [00:11<01:30, 3880.79 examples/s]
Map:  11%|█         | 43000/392702 [00:11<01:30, 3869.58 examples/s]
Map:  11%|█         | 44000/392702 [00:11<01:39, 3503.19 examples/s]
Map:  11%|█▏        | 45000/392702 [00:12<01:36, 3596.04 examples/s]
Map:  12%|█▏        | 46000/392702 [00:12<01:36, 3582.46 examples/s]
Map:  12%|█▏        | 47000/392702 [00:12<01:32, 3718.24 examples/s]
Map:  12%|█▏        | 48000/392702 [00:12<01:30, 3789.74 examples/s]
Map:  12%|█▏        | 49000/392702 [00:13<01:29, 3834.77 examples/s]
Map:  13%|█▎        | 50000/392702 [00:13<01:28, 3880.40 examples/s]
Map:  13%|█▎        | 51000/392702 [00:13<01:27, 3910.16 examples/s]
Map:  13%|█▎        | 52000/392702 [00:13<01:26, 3941.80 examples/s]
Map:  13%|█▎        | 53000/392702 [00:14<01:26, 3939.36 examples/s]
Map:  14%|█▍        | 54000/392702 [00:14<01:25, 3946.58 examples/s]
Map:  14%|█▍        | 55000/392702 [00:14<01:25, 3934.54 examples/s]
Map:  14%|█▍        | 56000/392702 [00:14<01:24, 3971.37 examples/s]
Map:  15%|█▍        | 57000/392702 [00:15<01:24, 3993.44 examples/s]
Map:  15%|█▍        | 58000/392702 [00:15<01:23, 4003.16 examples/s]
Map:  15%|█▌        | 59000/392702 [00:15<01:22, 4023.30 examples/s]
Map:  15%|█▌        | 60000/392702 [00:15<01:22, 4032.83 examples/s]
Map:  16%|█▌        | 61000/392702 [00:16<01:22, 4023.20 examples/s]
Map:  16%|█▌        | 62000/392702 [00:16<01:22, 4032.82 examples/s]
Map:  16%|█▌        | 63000/392702 [00:16<01:34, 3486.86 examples/s]
Map:  16%|█▋        | 64000/392702 [00:16<01:30, 3612.13 examples/s]
Map:  17%|█▋        | 65000/392702 [00:17<01:28, 3717.04 examples/s]
Map:  17%|█▋        | 66000/392702 [00:17<01:26, 3783.24 examples/s]
Map:  17%|█▋        | 67000/392702 [00:17<01:24, 3862.97 examples/s]
Map:  17%|█▋        | 68000/392702 [00:17<01:22, 3925.86 examples/s]
Map:  18%|█▊        | 69000/392702 [00:18<01:21, 3961.32 examples/s]
Map:  18%|█▊        | 70000/392702 [00:18<01:20, 3999.30 examples/s]
Map:  18%|█▊        | 71000/392702 [00:18<01:20, 3995.77 examples/s]
Map:  18%|█▊        | 72000/392702 [00:18<01:20, 4004.81 examples/s]
Map:  19%|█▊        | 73000/392702 [00:19<01:21, 3926.66 examples/s]
Map:  19%|█▉        | 74000/392702 [00:19<01:20, 3939.86 examples/s]
Map:  19%|█▉        | 75000/392702 [00:19<01:20, 3944.75 examples/s]
Map:  19%|█▉        | 76000/392702 [00:19<01:20, 3937.78 examples/s]
Map:  20%|█▉        | 77000/392702 [00:20<01:19, 3952.68 examples/s]
Map:  20%|█▉        | 78000/392702 [00:20<01:19, 3939.33 examples/s]
Map:  20%|██        | 79000/392702 [00:20<01:29, 3515.49 examples/s]
Map:  20%|██        | 80000/392702 [00:21<01:25, 3673.55 examples/s]
Map:  21%|██        | 81000/392702 [00:21<01:22, 3764.63 examples/s]
Map:  21%|██        | 82000/392702 [00:21<01:20, 3843.35 examples/s]
Map:  21%|██        | 83000/392702 [00:21<01:19, 3902.43 examples/s]
Map:  21%|██▏       | 84000/392702 [00:22<01:18, 3943.21 examples/s]
Map:  22%|██▏       | 85000/392702 [00:22<01:17, 3969.23 examples/s]
Map:  22%|██▏       | 86000/392702 [00:22<01:17, 3962.60 examples/s]
Map:  22%|██▏       | 87000/392702 [00:22<01:16, 3976.72 examples/s]
Map:  22%|██▏       | 88000/392702 [00:23<01:16, 3970.27 examples/s]
Map:  23%|██▎       | 89000/392702 [00:23<01:16, 3958.49 examples/s]
Map:  23%|██▎       | 90000/392702 [00:23<01:16, 3952.26 examples/s]
Map:  23%|██▎       | 91000/392702 [00:23<01:16, 3963.83 examples/s]
Map:  23%|██▎       | 92000/392702 [00:24<01:15, 4004.76 examples/s]
Map:  24%|██▎       | 93000/392702 [00:24<01:14, 4022.81 examples/s]
Map:  24%|██▍       | 94000/392702 [00:24<01:14, 4020.72 examples/s]
Map:  24%|██▍       | 95000/392702 [00:24<01:14, 4019.51 examples/s]
Map:  24%|██▍       | 96000/392702 [00:25<01:14, 4004.43 examples/s]
Map:  25%|██▍       | 97000/392702 [00:25<01:13, 4017.30 examples/s]
Map:  25%|██▍       | 98000/392702 [00:25<01:24, 3472.82 examples/s]
Map:  25%|██▌       | 99000/392702 [00:25<01:21, 3600.51 examples/s]
Map:  25%|██▌       | 100000/392702 [00:26<01:19, 3696.08 examples/s]
Map:  26%|██▌       | 101000/392702 [00:26<01:17, 3758.71 examples/s]
Map:  26%|██▌       | 102000/392702 [00:26<01:15, 3842.84 examples/s]
Map:  26%|██▌       | 103000/392702 [00:26<01:14, 3902.65 examples/s]
Map:  26%|██▋       | 104000/392702 [00:27<01:13, 3941.24 examples/s]
Map:  27%|██▋       | 105000/392702 [00:27<01:13, 3902.44 examples/s]
Map:  27%|██▋       | 106000/392702 [00:27<01:12, 3939.63 examples/s]
Map:  27%|██▋       | 107000/392702 [00:27<01:12, 3950.85 examples/s]
Map:  28%|██▊       | 108000/392702 [00:28<01:11, 3977.91 examples/s]
Map:  28%|██▊       | 109000/392702 [00:28<01:11, 3975.68 examples/s]
Map:  28%|██▊       | 110000/392702 [00:28<01:11, 3977.41 examples/s]
Map:  28%|██▊       | 111000/392702 [00:28<01:11, 3961.52 examples/s]
Map:  29%|██▊       | 112000/392702 [00:29<01:11, 3945.13 examples/s]
Map:  29%|██▉       | 113000/392702 [00:29<01:10, 3940.95 examples/s]
Map:  29%|██▉       | 114000/392702 [00:29<01:19, 3510.34 examples/s]
Map:  29%|██▉       | 115000/392702 [00:30<01:16, 3637.62 examples/s]
Map:  30%|██▉       | 116000/392702 [00:30<01:13, 3750.01 examples/s]
Map:  30%|██▉       | 117000/392702 [00:32<03:40, 1250.12 examples/s]
Map:  30%|███       | 118000/392702 [00:32<03:01, 1511.86 examples/s]
Map:  30%|███       | 119000/392702 [00:33<02:30, 1824.62 examples/s]
Map:  31%|███       | 120000/392702 [00:33<02:07, 2140.46 examples/s]
Map:  31%|███       | 121000/392702 [00:33<01:50, 2465.00 examples/s]
Map:  31%|███       | 122000/392702 [00:33<01:37, 2769.04 examples/s]
Map:  31%|███▏      | 123000/392702 [00:34<01:29, 3025.55 examples/s]
Map:  32%|███▏      | 124000/392702 [00:34<01:23, 3218.96 examples/s]
Map:  32%|███▏      | 125000/392702 [00:34<01:19, 3388.20 examples/s]
Map:  32%|███▏      | 126000/392702 [00:34<01:15, 3548.41 examples/s]
Map:  32%|███▏      | 127000/392702 [00:35<01:13, 3637.52 examples/s]
Map:  33%|███▎      | 128000/392702 [00:35<01:11, 3724.85 examples/s]
Map:  33%|███▎      | 129000/392702 [00:35<01:09, 3788.85 examples/s]
Map:  33%|███▎      | 130000/392702 [00:35<01:08, 3826.52 examples/s]
Map:  33%|███▎      | 131000/392702 [00:36<01:08, 3832.92 examples/s]
Map:  34%|███▎      | 132000/392702 [00:36<01:07, 3840.45 examples/s]
Map:  34%|███▍      | 133000/392702 [00:36<01:17, 3338.39 examples/s]
Map:  34%|███▍      | 134000/392702 [00:37<01:14, 3484.69 examples/s]
Map:  34%|███▍      | 135000/392702 [00:37<01:11, 3599.68 examples/s]
Map:  35%|███▍      | 136000/392702 [00:37<01:10, 3664.75 examples/s]
Map:  35%|███▍      | 137000/392702 [00:37<01:08, 3748.46 examples/s]
Map:  35%|███▌      | 138000/392702 [00:38<01:06, 3807.00 examples/s]
Map:  35%|███▌      | 139000/392702 [00:38<01:05, 3845.56 examples/s]
Map:  36%|███▌      | 140000/392702 [00:38<01:05, 3868.04 examples/s]
Map:  36%|███▌      | 141000/392702 [00:38<01:04, 3888.74 examples/s]
Map:  36%|███▌      | 142000/392702 [00:39<01:04, 3891.59 examples/s]
Map:  36%|███▋      | 143000/392702 [00:39<01:04, 3891.04 examples/s]
Map:  37%|███▋      | 144000/392702 [00:39<01:04, 3876.81 examples/s]
Map:  37%|███▋      | 145000/392702 [00:39<01:03, 3888.76 examples/s]
Map:  37%|███▋      | 146000/392702 [00:40<01:03, 3872.28 examples/s]
Map:  37%|███▋      | 147000/392702 [00:40<01:04, 3832.37 examples/s]
Map:  38%|███▊      | 148000/392702 [00:40<01:04, 3797.42 examples/s]
Map:  38%|███▊      | 149000/392702 [00:41<01:11, 3401.54 examples/s]
Map:  38%|███▊      | 150000/392702 [00:41<01:08, 3560.12 examples/s]
Map:  38%|███▊      | 151000/392702 [00:41<01:05, 3673.67 examples/s]
Map:  39%|███▊      | 152000/392702 [00:41<01:04, 3751.65 examples/s]
Map:  39%|███▉      | 153000/392702 [00:42<01:03, 3804.57 examples/s]
Map:  39%|███▉      | 154000/392702 [00:42<01:02, 3831.60 examples/s]
Map:  39%|███▉      | 155000/392702 [00:42<01:01, 3835.71 examples/s]
Map:  40%|███▉      | 156000/392702 [00:42<01:01, 3857.20 examples/s]
Map:  40%|███▉      | 157000/392702 [00:43<01:00, 3870.74 examples/s]
Map:  40%|████      | 158000/392702 [00:43<01:00, 3861.40 examples/s]
Map:  40%|████      | 159000/392702 [00:43<01:00, 3859.96 examples/s]
Map:  41%|████      | 160000/392702 [00:43<01:00, 3846.45 examples/s]
Map:  41%|████      | 161000/392702 [00:44<00:59, 3882.54 examples/s]
Map:  41%|████▏     | 162000/392702 [00:44<00:59, 3890.16 examples/s]
Map:  42%|████▏     | 163000/392702 [00:44<00:58, 3905.99 examples/s]
Map:  42%|████▏     | 164000/392702 [00:44<00:58, 3920.70 examples/s]
Map:  42%|████▏     | 165000/392702 [00:45<00:58, 3924.32 examples/s]
Map:  42%|████▏     | 166000/392702 [00:45<00:58, 3903.76 examples/s]
Map:  43%|████▎     | 167000/392702 [00:45<00:57, 3901.88 examples/s]
Map:  43%|████▎     | 168000/392702 [00:45<01:04, 3484.32 examples/s]
Map:  43%|████▎     | 169000/392702 [00:46<01:02, 3578.95 examples/s]
Map:  43%|████▎     | 170000/392702 [00:46<01:01, 3645.46 examples/s]
Map:  44%|████▎     | 171000/392702 [00:46<00:59, 3717.04 examples/s]
Map:  44%|████▍     | 172000/392702 [00:47<00:58, 3770.02 examples/s]
Map:  44%|████▍     | 173000/392702 [00:47<00:57, 3831.19 examples/s]
Map:  44%|████▍     | 174000/392702 [00:47<00:56, 3868.73 examples/s]
Map:  45%|████▍     | 175000/392702 [00:47<00:56, 3869.35 examples/s]
Map:  45%|████▍     | 176000/392702 [00:48<00:55, 3897.16 examples/s]
Map:  45%|████▌     | 177000/392702 [00:48<00:55, 3902.09 examples/s]
Map:  45%|████▌     | 178000/392702 [00:48<00:54, 3908.92 examples/s]
Map:  46%|████▌     | 179000/392702 [00:48<00:54, 3893.90 examples/s]
Map:  46%|████▌     | 180000/392702 [00:49<00:54, 3896.19 examples/s]
Map:  46%|████▌     | 181000/392702 [00:49<00:54, 3873.11 examples/s]
Map:  46%|████▋     | 182000/392702 [00:49<00:54, 3862.55 examples/s]
Map:  47%|████▋     | 183000/392702 [00:49<00:54, 3844.73 examples/s]
Map:  47%|████▋     | 184000/392702 [00:50<00:59, 3503.46 examples/s]
Map:  47%|████▋     | 185000/392702 [00:50<00:57, 3632.08 examples/s]
Map:  47%|████▋     | 186000/392702 [00:50<00:55, 3697.42 examples/s]
Map:  48%|████▊     | 187000/392702 [00:50<00:54, 3774.86 examples/s]
Map:  48%|████▊     | 188000/392702 [00:51<00:53, 3825.56 examples/s]
Map:  48%|████▊     | 189000/392702 [00:51<00:53, 3829.61 examples/s]
Map:  48%|████▊     | 190000/392702 [00:51<00:52, 3852.05 examples/s]
Map:  49%|████▊     | 191000/392702 [00:51<00:52, 3852.86 examples/s]
Map:  49%|████▉     | 192000/392702 [00:52<00:52, 3858.03 examples/s]
Map:  49%|████▉     | 193000/392702 [00:52<00:51, 3852.96 examples/s]
Map:  49%|████▉     | 194000/392702 [00:52<00:51, 3861.67 examples/s]
Map:  50%|████▉     | 195000/392702 [00:53<00:51, 3845.46 examples/s]
Map:  50%|████▉     | 196000/392702 [00:53<00:50, 3882.19 examples/s]
Map:  50%|█████     | 197000/392702 [00:53<00:49, 3918.95 examples/s]
Map:  50%|█████     | 198000/392702 [00:53<00:49, 3904.83 examples/s]
Map:  51%|█████     | 199000/392702 [00:54<00:49, 3917.14 examples/s]
Map:  51%|█████     | 200000/392702 [00:54<00:49, 3912.37 examples/s]
Map:  51%|█████     | 201000/392702 [00:54<00:48, 3924.53 examples/s]
Map:  51%|█████▏    | 202000/392702 [00:54<00:48, 3915.11 examples/s]
Map:  52%|█████▏    | 203000/392702 [00:55<00:56, 3386.50 examples/s]
Map:  52%|█████▏    | 204000/392702 [00:55<00:53, 3500.13 examples/s]
Map:  52%|█████▏    | 205000/392702 [00:55<00:52, 3605.03 examples/s]
Map:  52%|█████▏    | 206000/392702 [00:55<00:50, 3666.96 examples/s]
Map:  53%|█████▎    | 207000/392702 [00:56<00:49, 3756.05 examples/s]
Map:  53%|█████▎    | 208000/392702 [00:56<00:48, 3821.64 examples/s]
Map:  53%|█████▎    | 209000/392702 [00:56<00:47, 3854.81 examples/s]
Map:  53%|█████▎    | 210000/392702 [00:56<00:47, 3877.47 examples/s]
Map:  54%|█████▎    | 211000/392702 [00:57<00:46, 3876.43 examples/s]
Map:  54%|█████▍    | 212000/392702 [00:57<00:46, 3888.94 examples/s]
Map:  54%|█████▍    | 213000/392702 [00:57<00:46, 3900.76 examples/s]
Map:  54%|█████▍    | 214000/392702 [00:58<00:46, 3873.53 examples/s]
Map:  55%|█████▍    | 215000/392702 [00:58<00:45, 3879.31 examples/s]
Map:  55%|█████▌    | 216000/392702 [00:58<00:45, 3878.40 examples/s]
Map:  55%|█████▌    | 217000/392702 [00:58<00:45, 3866.23 examples/s]
Map:  56%|█████▌    | 218000/392702 [00:59<00:45, 3868.74 examples/s]
Map:  56%|█████▌    | 219000/392702 [00:59<00:49, 3499.81 examples/s]
Map:  56%|█████▌    | 220000/392702 [00:59<00:47, 3619.98 examples/s]
Map:  56%|█████▋    | 221000/392702 [00:59<00:46, 3705.48 examples/s]
Map:  57%|█████▋    | 222000/392702 [01:00<00:45, 3779.65 examples/s]
Map:  57%|█████▋    | 223000/392702 [01:00<00:44, 3813.85 examples/s]
Map:  57%|█████▋    | 224000/392702 [01:00<00:43, 3841.42 examples/s]
Map:  57%|█████▋    | 225000/392702 [01:00<00:43, 3856.32 examples/s]
Map:  58%|█████▊    | 226000/392702 [01:01<00:43, 3861.82 examples/s]
Map:  58%|█████▊    | 227000/392702 [01:01<00:43, 3853.40 examples/s]
Map:  58%|█████▊    | 228000/392702 [01:01<00:43, 3775.02 examples/s]
Map:  58%|█████▊    | 229000/392702 [01:01<00:43, 3786.65 examples/s]
Map:  59%|█████▊    | 230000/392702 [01:02<00:43, 3777.80 examples/s]
Map:  59%|█████▉    | 231000/392702 [01:02<00:42, 3833.18 examples/s]
Map:  59%|█████▉    | 232000/392702 [01:02<00:41, 3865.71 examples/s]
Map:  59%|█████▉    | 233000/392702 [01:03<00:41, 3888.69 examples/s]
Map:  60%|█████▉    | 234000/392702 [01:03<00:40, 3880.07 examples/s]
Map:  60%|█████▉    | 235000/392702 [01:03<00:40, 3880.98 examples/s]
Map:  60%|██████    | 236000/392702 [01:03<00:40, 3900.02 examples/s]
Map:  60%|██████    | 237000/392702 [01:04<00:40, 3888.50 examples/s]
Map:  61%|██████    | 238000/392702 [01:04<00:46, 3329.14 examples/s]
Map:  61%|██████    | 239000/392702 [01:04<00:44, 3476.14 examples/s]
Map:  61%|██████    | 240000/392702 [01:04<00:42, 3586.65 examples/s]
Map:  61%|██████▏   | 241000/392702 [01:05<00:41, 3652.72 examples/s]
Map:  62%|██████▏   | 242000/392702 [01:05<00:40, 3744.26 examples/s]
Map:  62%|██████▏   | 243000/392702 [01:05<00:39, 3786.62 examples/s]
Map:  62%|██████▏   | 244000/392702 [01:05<00:38, 3840.92 examples/s]
Map:  62%|██████▏   | 245000/392702 [01:06<00:38, 3880.72 examples/s]
Map:  63%|██████▎   | 246000/392702 [01:08<02:05, 1170.90 examples/s]
Map:  63%|██████▎   | 247000/392702 [01:08<01:40, 1448.87 examples/s]
Map:  63%|██████▎   | 248000/392702 [01:09<01:22, 1758.91 examples/s]
Map:  63%|██████▎   | 249000/392702 [01:09<01:09, 2074.76 examples/s]
Map:  64%|██████▎   | 250000/392702 [01:09<00:59, 2389.52 examples/s]
Map:  64%|██████▍   | 251000/392702 [01:09<00:52, 2694.78 examples/s]
Map:  64%|██████▍   | 252000/392702 [01:10<00:47, 2955.61 examples/s]
Map:  64%|██████▍   | 253000/392702 [01:10<00:44, 3167.13 examples/s]
Map:  65%|██████▍   | 254000/392702 [01:10<00:45, 3067.26 examples/s]
Map:  65%|██████▍   | 255000/392702 [01:11<00:41, 3301.21 examples/s]
Map:  65%|██████▌   | 256000/392702 [01:11<00:39, 3465.55 examples/s]
Map:  65%|██████▌   | 257000/392702 [01:11<00:37, 3586.31 examples/s]
Map:  66%|██████▌   | 258000/392702 [01:11<00:36, 3675.70 examples/s]
Map:  66%|██████▌   | 259000/392702 [01:12<00:35, 3752.75 examples/s]
Map:  66%|██████▌   | 260000/392702 [01:12<00:35, 3783.76 examples/s]
Map:  66%|██████▋   | 261000/392702 [01:12<00:34, 3809.89 examples/s]
Map:  67%|██████▋   | 262000/392702 [01:12<00:34, 3822.13 examples/s]
Map:  67%|██████▋   | 263000/392702 [01:13<00:33, 3826.08 examples/s]
Map:  67%|██████▋   | 264000/392702 [01:13<00:33, 3804.97 examples/s]
Map:  67%|██████▋   | 265000/392702 [01:13<00:33, 3822.57 examples/s]
Map:  68%|██████▊   | 266000/392702 [01:13<00:32, 3867.92 examples/s]
Map:  68%|██████▊   | 267000/392702 [01:14<00:32, 3867.95 examples/s]
Map:  68%|██████▊   | 268000/392702 [01:14<00:31, 3899.32 examples/s]
Map:  68%|██████▊   | 269000/392702 [01:14<00:31, 3914.08 examples/s]
Map:  69%|██████▉   | 270000/392702 [01:14<00:32, 3828.26 examples/s]
Map:  69%|██████▉   | 271000/392702 [01:15<00:31, 3859.70 examples/s]
Map:  69%|██████▉   | 272000/392702 [01:15<00:31, 3867.52 examples/s]
Map:  70%|██████▉   | 273000/392702 [01:15<00:35, 3407.99 examples/s]
Map:  70%|██████▉   | 274000/392702 [01:16<00:33, 3542.23 examples/s]
Map:  70%|███████   | 275000/392702 [01:16<00:32, 3625.97 examples/s]
Map:  70%|███████   | 276000/392702 [01:16<00:31, 3675.67 examples/s]
Map:  71%|███████   | 277000/392702 [01:16<00:30, 3741.20 examples/s]
Map:  71%|███████   | 278000/392702 [01:17<00:30, 3801.56 examples/s]
Map:  71%|███████   | 279000/392702 [01:17<00:29, 3850.96 examples/s]
Map:  71%|███████▏  | 280000/392702 [01:17<00:28, 3887.09 examples/s]
Map:  72%|███████▏  | 281000/392702 [01:17<00:28, 3885.51 examples/s]
Map:  72%|███████▏  | 282000/392702 [01:18<00:28, 3906.19 examples/s]
Map:  72%|███████▏  | 283000/392702 [01:18<00:28, 3900.85 examples/s]
Map:  72%|███████▏  | 284000/392702 [01:18<00:27, 3904.42 examples/s]
Map:  73%|███████▎  | 285000/392702 [01:18<00:27, 3874.44 examples/s]
Map:  73%|███████▎  | 286000/392702 [01:19<00:27, 3864.13 examples/s]
Map:  73%|███████▎  | 287000/392702 [01:19<00:27, 3849.92 examples/s]
Map:  73%|███████▎  | 288000/392702 [01:19<00:27, 3851.65 examples/s]
Map:  74%|███████▎  | 289000/392702 [01:20<00:30, 3407.14 examples/s]
Map:  74%|███████▍  | 290000/392702 [01:20<00:28, 3556.58 examples/s]
Map:  74%|███████▍  | 291000/392702 [01:20<00:27, 3675.38 examples/s]
Map:  74%|███████▍  | 292000/392702 [01:20<00:26, 3756.21 examples/s]
Map:  75%|███████▍  | 293000/392702 [01:21<00:26, 3815.83 examples/s]
Map:  75%|███████▍  | 294000/392702 [01:21<00:25, 3827.51 examples/s]
Map:  75%|███████▌  | 295000/392702 [01:21<00:25, 3842.07 examples/s]
Map:  75%|███████▌  | 296000/392702 [01:21<00:25, 3852.64 examples/s]
Map:  76%|███████▌  | 297000/392702 [01:22<00:24, 3849.78 examples/s]
Map:  76%|███████▌  | 298000/392702 [01:22<00:24, 3867.78 examples/s]
Map:  76%|███████▌  | 299000/392702 [01:22<00:24, 3854.00 examples/s]
Map:  76%|███████▋  | 300000/392702 [01:22<00:24, 3855.09 examples/s]
Map:  77%|███████▋  | 301000/392702 [01:23<00:23, 3875.66 examples/s]
Map:  77%|███████▋  | 302000/392702 [01:23<00:23, 3885.85 examples/s]
Map:  77%|███████▋  | 303000/392702 [01:23<00:22, 3909.82 examples/s]
Map:  77%|███████▋  | 304000/392702 [01:23<00:22, 3898.78 examples/s]
Map:  78%|███████▊  | 305000/392702 [01:24<00:22, 3908.28 examples/s]
Map:  78%|███████▊  | 306000/392702 [01:24<00:22, 3910.20 examples/s]
Map:  78%|███████▊  | 307000/392702 [01:24<00:21, 3899.26 examples/s]
Map:  78%|███████▊  | 308000/392702 [01:24<00:24, 3467.78 examples/s]
Map:  79%|███████▊  | 309000/392702 [01:25<00:23, 3548.31 examples/s]
Map:  79%|███████▉  | 310000/392702 [01:25<00:22, 3638.75 examples/s]
Map:  79%|███████▉  | 311000/392702 [01:25<00:22, 3693.04 examples/s]
Map:  79%|███████▉  | 312000/392702 [01:26<00:21, 3750.99 examples/s]
Map:  80%|███████▉  | 313000/392702 [01:26<00:21, 3727.09 examples/s]
Map:  80%|███████▉  | 314000/392702 [01:26<00:20, 3784.91 examples/s]
Map:  80%|████████  | 315000/392702 [01:26<00:20, 3820.04 examples/s]
Map:  80%|████████  | 316000/392702 [01:27<00:19, 3844.03 examples/s]
Map:  81%|████████  | 317000/392702 [01:27<00:19, 3873.96 examples/s]
Map:  81%|████████  | 318000/392702 [01:27<00:19, 3880.97 examples/s]
Map:  81%|████████  | 319000/392702 [01:27<00:18, 3879.10 examples/s]
Map:  81%|████████▏ | 320000/392702 [01:28<00:18, 3880.16 examples/s]
Map:  82%|████████▏ | 321000/392702 [01:28<00:18, 3868.35 examples/s]
Map:  82%|████████▏ | 322000/392702 [01:28<00:18, 3853.36 examples/s]
Map:  82%|████████▏ | 323000/392702 [01:28<00:18, 3840.75 examples/s]
Map:  83%|████████▎ | 324000/392702 [01:29<00:19, 3451.35 examples/s]
Map:  83%|████████▎ | 325000/392702 [01:29<00:18, 3589.05 examples/s]
Map:  83%|████████▎ | 326000/392702 [01:29<00:18, 3681.38 examples/s]
Map:  83%|████████▎ | 327000/392702 [01:29<00:17, 3746.56 examples/s]
Map:  84%|████████▎ | 328000/392702 [01:30<00:17, 3804.96 examples/s]
Map:  84%|████████▍ | 329000/392702 [01:30<00:16, 3840.74 examples/s]
Map:  84%|████████▍ | 330000/392702 [01:30<00:16, 3861.86 examples/s]
Map:  84%|████████▍ | 331000/392702 [01:31<00:15, 3863.07 examples/s]
Map:  85%|████████▍ | 332000/392702 [01:31<00:15, 3872.29 examples/s]
Map:  85%|████████▍ | 333000/392702 [01:31<00:15, 3872.97 examples/s]
Map:  85%|████████▌ | 334000/392702 [01:31<00:15, 3860.26 examples/s]
Map:  85%|████████▌ | 335000/392702 [01:32<00:15, 3844.68 examples/s]
Map:  86%|████████▌ | 336000/392702 [01:32<00:14, 3883.74 examples/s]
Map:  86%|████████▌ | 337000/392702 [01:32<00:14, 3913.70 examples/s]
Map:  86%|████████▌ | 338000/392702 [01:32<00:14, 3906.02 examples/s]
Map:  86%|████████▋ | 339000/392702 [01:33<00:13, 3920.99 examples/s]
Map:  87%|████████▋ | 340000/392702 [01:33<00:13, 3917.45 examples/s]
Map:  87%|████████▋ | 341000/392702 [01:33<00:13, 3911.58 examples/s]
Map:  87%|████████▋ | 342000/392702 [01:33<00:12, 3902.74 examples/s]
Map:  87%|████████▋ | 343000/392702 [01:34<00:14, 3391.46 examples/s]
Map:  88%|████████▊ | 344000/392702 [01:34<00:13, 3527.08 examples/s]
Map:  88%|████████▊ | 345000/392702 [01:34<00:13, 3598.03 examples/s]
Map:  88%|████████▊ | 346000/392702 [01:35<00:13, 3551.93 examples/s]
Map:  88%|████████▊ | 347000/392702 [01:35<00:12, 3692.91 examples/s]
Map:  89%|████████▊ | 348000/392702 [01:35<00:11, 3798.99 examples/s]
Map:  89%|████████▉ | 349000/392702 [01:35<00:11, 3854.51 examples/s]
Map:  89%|████████▉ | 350000/392702 [01:36<00:10, 3897.02 examples/s]
Map:  89%|████████▉ | 351000/392702 [01:36<00:10, 3932.21 examples/s]
Map:  90%|████████▉ | 352000/392702 [01:36<00:10, 3957.56 examples/s]
Map:  90%|████████▉ | 353000/392702 [01:36<00:10, 3965.85 examples/s]
Map:  90%|█████████ | 354000/392702 [01:37<00:09, 3971.78 examples/s]
Map:  90%|█████████ | 355000/392702 [01:37<00:09, 3966.34 examples/s]
Map:  91%|█████████ | 356000/392702 [01:37<00:09, 3942.29 examples/s]
Map:  91%|█████████ | 357000/392702 [01:37<00:09, 3944.22 examples/s]
Map:  91%|█████████ | 358000/392702 [01:38<00:08, 3950.97 examples/s]
Map:  91%|█████████▏| 359000/392702 [01:38<00:09, 3445.81 examples/s]
Map:  92%|█████████▏| 360000/392702 [01:38<00:09, 3597.19 examples/s]
Map:  92%|█████████▏| 361000/392702 [01:38<00:08, 3721.42 examples/s]
Map:  92%|█████████▏| 362000/392702 [01:39<00:08, 3817.27 examples/s]
Map:  92%|█████████▏| 363000/392702 [01:40<00:19, 1521.25 examples/s]
Map:  93%|█████████▎| 364000/392702 [01:41<00:16, 1775.83 examples/s]
Map:  93%|█████████▎| 365000/392702 [01:41<00:13, 2043.73 examples/s]
Map:  93%|█████████▎| 366000/392702 [01:41<00:11, 2335.85 examples/s]
Map:  93%|█████████▎| 367000/392702 [01:41<00:09, 2593.67 examples/s]
Map:  94%|█████████▎| 368000/392702 [01:42<00:08, 2810.78 examples/s]
Map:  94%|█████████▍| 369000/392702 [01:42<00:07, 3055.42 examples/s]
Map:  94%|█████████▍| 370000/392702 [01:42<00:07, 3242.31 examples/s]
Map:  94%|█████████▍| 371000/392702 [01:43<00:06, 3433.55 examples/s]
Map:  95%|█████████▍| 372000/392702 [01:43<00:05, 3571.75 examples/s]
Map:  95%|█████████▍| 373000/392702 [01:43<00:05, 3666.05 examples/s]
Map:  95%|█████████▌| 374000/392702 [01:43<00:05, 3731.90 examples/s]
Map:  95%|█████████▌| 375000/392702 [01:44<00:04, 3781.60 examples/s]
Map:  96%|█████████▌| 376000/392702 [01:44<00:04, 3810.64 examples/s]
Map:  96%|█████████▌| 377000/392702 [01:44<00:04, 3813.87 examples/s]
Map:  96%|█████████▋| 378000/392702 [01:44<00:04, 3424.85 examples/s]
Map:  97%|█████████▋| 379000/392702 [01:45<00:03, 3554.67 examples/s]
Map:  97%|█████████▋| 380000/392702 [01:45<00:03, 3614.95 examples/s]
Map:  97%|█████████▋| 381000/392702 [01:45<00:03, 3665.35 examples/s]
Map:  97%|█████████▋| 382000/392702 [01:45<00:02, 3747.68 examples/s]
Map:  98%|█████████▊| 383000/392702 [01:46<00:02, 3800.16 examples/s]
Map:  98%|█████████▊| 384000/392702 [01:46<00:02, 3843.02 examples/s]
Map:  98%|█████████▊| 385000/392702 [01:46<00:01, 3873.76 examples/s]
Map:  98%|█████████▊| 386000/392702 [01:46<00:01, 3871.11 examples/s]
Map:  99%|█████████▊| 387000/392702 [01:47<00:01, 3867.48 examples/s]
Map:  99%|█████████▉| 388000/392702 [01:47<00:01, 3873.28 examples/s]
Map:  99%|█████████▉| 389000/392702 [01:47<00:00, 3862.26 examples/s]
Map:  99%|█████████▉| 390000/392702 [01:48<00:00, 3856.01 examples/s]
Map: 100%|█████████▉| 391000/392702 [01:48<00:00, 3844.69 examples/s]
Map: 100%|█████████▉| 392000/392702 [01:48<00:00, 3838.72 examples/s]
Map: 100%|██████████| 392702/392702 [01:48<00:00, 3846.65 examples/s]
                                                                     

Map:   0%|          | 0/9832 [00:00<?, ? examples/s]
Map:  10%|█         | 1000/9832 [00:00<00:03, 2823.94 examples/s]
Map:  20%|██        | 2000/9832 [00:00<00:02, 3224.86 examples/s]
Map:  31%|███       | 3000/9832 [00:01<00:02, 2853.28 examples/s]
Map:  41%|████      | 4000/9832 [00:01<00:01, 3189.81 examples/s]
Map:  51%|█████     | 5000/9832 [00:01<00:01, 3392.91 examples/s]
Map:  61%|██████    | 6000/9832 [00:01<00:01, 3544.60 examples/s]
Map:  71%|███████   | 7000/9832 [00:02<00:00, 3610.21 examples/s]
Map:  81%|████████▏ | 8000/9832 [00:02<00:00, 3671.33 examples/s]
Map:  92%|█████████▏| 9000/9832 [00:02<00:00, 3698.91 examples/s]
Map: 100%|██████████| 9832/9832 [00:02<00:00, 3605.90 examples/s]
                                                                 
/home/schalkapurka_umass_edu/.local/lib/python3.8/site-packages/transformers/optimization.py:391: FutureWarning: This implementation of AdamW is deprecated and will be removed in a future version. Use the PyTorch implementation torch.optim.AdamW instead, or set `no_deprecation_warning=True` to disable this warning
  warnings.warn(
{'loss': 1.0977, 'learning_rate': 2.5e-06, 'epoch': 0.02}
{'loss': 0.9654, 'learning_rate': 5e-06, 'epoch': 0.04}
{'loss': 0.8088, 'learning_rate': 7.5e-06, 'epoch': 0.06}
{'loss': 0.7251, 'learning_rate': 1e-05, 'epoch': 0.08}
{'loss': 0.7042, 'learning_rate': 1.25e-05, 'epoch': 0.1}
{'loss': 0.6643, 'learning_rate': 1.5e-05, 'epoch': 0.12}
{'loss': 0.6502, 'learning_rate': 1.75e-05, 'epoch': 0.14}
{'loss': 0.6158, 'learning_rate': 2e-05, 'epoch': 0.16}
{'loss': 0.6244, 'learning_rate': 2.25e-05, 'epoch': 0.18}
{'loss': 0.619, 'learning_rate': 2.5e-05, 'epoch': 0.2}
{'loss': 0.6147, 'learning_rate': 2.7500000000000004e-05, 'epoch': 0.22}
{'loss': 0.5906, 'learning_rate': 3e-05, 'epoch': 0.24}
{'loss': 0.5961, 'learning_rate': 3.2500000000000004e-05, 'epoch': 0.26}
{'loss': 0.5972, 'learning_rate': 3.5e-05, 'epoch': 0.29}
{'loss': 0.596, 'learning_rate': 3.7500000000000003e-05, 'epoch': 0.31}
{'loss': 0.582, 'learning_rate': 4e-05, 'epoch': 0.33}
{'loss': 0.5818, 'learning_rate': 4.25e-05, 'epoch': 0.35}
{'loss': 0.5824, 'learning_rate': 4.5e-05, 'epoch': 0.37}
{'loss': 0.6034, 'learning_rate': 4.75e-05, 'epoch': 0.39}
{'loss': 0.5947, 'learning_rate': 5e-05, 'epoch': 0.41}
{'loss': 0.6006, 'learning_rate': 4.989381583418281e-05, 'epoch': 0.43}
{'loss': 0.6009, 'learning_rate': 4.9787631668365613e-05, 'epoch': 0.45}
{'loss': 0.5952, 'learning_rate': 4.9681447502548426e-05, 'epoch': 0.47}
{'loss': 0.595, 'learning_rate': 4.957526333673123e-05, 'epoch': 0.49}
{'loss': 0.5877, 'learning_rate': 4.946907917091404e-05, 'epoch': 0.51}
{'loss': 0.5972, 'learning_rate': 4.936289500509684e-05, 'epoch': 0.53}
{'loss': 0.5944, 'learning_rate': 4.9256710839279654e-05, 'epoch': 0.55}
{'loss': 0.5914, 'learning_rate': 4.915052667346245e-05, 'epoch': 0.57}
{'loss': 0.5669, 'learning_rate': 4.9044342507645265e-05, 'epoch': 0.59}
{'loss': 0.5865, 'learning_rate': 4.8938158341828064e-05, 'epoch': 0.61}
{'loss': 0.5803, 'learning_rate': 4.8831974176010876e-05, 'epoch': 0.63}
{'loss': 0.5833, 'learning_rate': 4.872579001019368e-05, 'epoch': 0.65}
{'loss': 0.5836, 'learning_rate': 4.861960584437649e-05, 'epoch': 0.67}
{'loss': 0.5729, 'learning_rate': 4.851342167855929e-05, 'epoch': 0.69}
{'loss': 0.5857, 'learning_rate': 4.8407237512742105e-05, 'epoch': 0.71}
{'loss': 0.5646, 'learning_rate': 4.8301053346924904e-05, 'epoch': 0.73}
{'loss': 0.5712, 'learning_rate': 4.8194869181107716e-05, 'epoch': 0.75}
{'loss': 0.5892, 'learning_rate': 4.808868501529052e-05, 'epoch': 0.77}
{'loss': 0.5831, 'learning_rate': 4.798250084947333e-05, 'epoch': 0.79}
{'loss': 0.5499, 'learning_rate': 4.787631668365613e-05, 'epoch': 0.81}
{'loss': 0.575, 'learning_rate': 4.7770132517838945e-05, 'epoch': 0.84}
{'loss': 0.5822, 'learning_rate': 4.766394835202175e-05, 'epoch': 0.86}
{'loss': 0.5688, 'learning_rate': 4.7557764186204556e-05, 'epoch': 0.88}
{'loss': 0.6042, 'learning_rate': 4.745158002038736e-05, 'epoch': 0.9}
{'loss': 0.5895, 'learning_rate': 4.734539585457017e-05, 'epoch': 0.92}
{'loss': 0.5819, 'learning_rate': 4.723921168875298e-05, 'epoch': 0.94}
{'loss': 0.5709, 'learning_rate': 4.713302752293578e-05, 'epoch': 0.96}
{'loss': 0.5804, 'learning_rate': 4.702684335711859e-05, 'epoch': 0.98}
{'loss': 0.573, 'learning_rate': 4.6920659191301396e-05, 'epoch': 1.0}
{'eval_loss': 0.5279380679130554, 'eval_accuracy': 0.7950569568755086, 'eval_runtime': 332.8084, 'eval_samples_per_second': 29.543, 'eval_steps_per_second': 3.693, 'epoch': 1.0}
{'loss': 0.5062, 'learning_rate': 4.68144750254842e-05, 'epoch': 1.02}
{'loss': 0.5133, 'learning_rate': 4.670829085966701e-05, 'epoch': 1.04}
{'loss': 0.4834, 'learning_rate': 4.660210669384982e-05, 'epoch': 1.06}
{'loss': 0.492, 'learning_rate': 4.649592252803262e-05, 'epoch': 1.08}
{'loss': 0.4944, 'learning_rate': 4.638973836221543e-05, 'epoch': 1.1}
{'loss': 0.51, 'learning_rate': 4.6283554196398236e-05, 'epoch': 1.12}
{'loss': 0.506, 'learning_rate': 4.617737003058104e-05, 'epoch': 1.14}
{'loss': 0.4884, 'learning_rate': 4.6071185864763847e-05, 'epoch': 1.16}
{'loss': 0.5114, 'learning_rate': 4.596500169894665e-05, 'epoch': 1.18}
{'loss': 0.5021, 'learning_rate': 4.5858817533129464e-05, 'epoch': 1.2}
{'loss': 0.5079, 'learning_rate': 4.575263336731227e-05, 'epoch': 1.22}
{'loss': 0.4925, 'learning_rate': 4.5646449201495075e-05, 'epoch': 1.24}
{'loss': 0.4966, 'learning_rate': 4.554026503567788e-05, 'epoch': 1.26}
{'loss': 0.495, 'learning_rate': 4.543408086986069e-05, 'epoch': 1.28}
{'loss': 0.4981, 'learning_rate': 4.532789670404349e-05, 'epoch': 1.3}
{'loss': 0.5024, 'learning_rate': 4.5221712538226304e-05, 'epoch': 1.32}
{'loss': 0.506, 'learning_rate': 4.511552837240911e-05, 'epoch': 1.34}
{'loss': 0.5078, 'learning_rate': 4.5009344206591915e-05, 'epoch': 1.36}
{'loss': 0.5038, 'learning_rate': 4.490316004077472e-05, 'epoch': 1.39}
{'loss': 0.4856, 'learning_rate': 4.479697587495753e-05, 'epoch': 1.41}
{'loss': 0.5028, 'learning_rate': 4.469079170914033e-05, 'epoch': 1.43}
{'loss': 0.4913, 'learning_rate': 4.4584607543323144e-05, 'epoch': 1.45}
{'loss': 0.5071, 'learning_rate': 4.447842337750595e-05, 'epoch': 1.47}
{'loss': 0.4866, 'learning_rate': 4.4372239211688755e-05, 'epoch': 1.49}
{'loss': 0.5042, 'learning_rate': 4.426605504587156e-05, 'epoch': 1.51}
{'loss': 0.4886, 'learning_rate': 4.4159870880054366e-05, 'epoch': 1.53}
{'loss': 0.4989, 'learning_rate': 4.405368671423717e-05, 'epoch': 1.55}
{'loss': 0.4935, 'learning_rate': 4.3947502548419984e-05, 'epoch': 1.57}
{'loss': 0.512, 'learning_rate': 4.384131838260279e-05, 'epoch': 1.59}
{'loss': 0.4943, 'learning_rate': 4.3735134216785595e-05, 'epoch': 1.61}
{'loss': 0.5114, 'learning_rate': 4.36289500509684e-05, 'epoch': 1.63}
{'loss': 0.5061, 'learning_rate': 4.3522765885151206e-05, 'epoch': 1.65}
{'loss': 0.4859, 'learning_rate': 4.341658171933402e-05, 'epoch': 1.67}
{'loss': 0.5165, 'learning_rate': 4.3310397553516823e-05, 'epoch': 1.69}
{'loss': 0.4904, 'learning_rate': 4.320421338769963e-05, 'epoch': 1.71}
{'loss': 0.4987, 'learning_rate': 4.3098029221882434e-05, 'epoch': 1.73}
{'loss': 0.5011, 'learning_rate': 4.299184505606525e-05, 'epoch': 1.75}
{'loss': 0.5002, 'learning_rate': 4.2885660890248045e-05, 'epoch': 1.77}
{'loss': 0.4975, 'learning_rate': 4.277947672443086e-05, 'epoch': 1.79}
{'loss': 0.5136, 'learning_rate': 4.2673292558613656e-05, 'epoch': 1.81}
{'loss': 0.5098, 'learning_rate': 4.256710839279647e-05, 'epoch': 1.83}
{'loss': 0.4979, 'learning_rate': 4.2460924226979274e-05, 'epoch': 1.85}
{'loss': 0.5111, 'learning_rate': 4.235474006116208e-05, 'epoch': 1.87}
{'loss': 0.5042, 'learning_rate': 4.2248555895344885e-05, 'epoch': 1.89}
{'loss': 0.4866, 'learning_rate': 4.21423717295277e-05, 'epoch': 1.91}
{'loss': 0.4903, 'learning_rate': 4.20361875637105e-05, 'epoch': 1.94}
{'loss': 0.5019, 'learning_rate': 4.193000339789331e-05, 'epoch': 1.96}
{'loss': 0.489, 'learning_rate': 4.1823819232076114e-05, 'epoch': 1.98}
{'loss': 0.5079, 'learning_rate': 4.171763506625892e-05, 'epoch': 2.0}
{'eval_loss': 0.5060150027275085, 'eval_accuracy': 0.7978030919446705, 'eval_runtime': 332.776, 'eval_samples_per_second': 29.545, 'eval_steps_per_second': 3.693, 'epoch': 2.0}
{'loss': 0.4144, 'learning_rate': 4.161145090044173e-05, 'epoch': 2.02}
{'loss': 0.3891, 'learning_rate': 4.150526673462454e-05, 'epoch': 2.04}
{'loss': 0.3803, 'learning_rate': 4.139908256880734e-05, 'epoch': 2.06}
{'loss': 0.4074, 'learning_rate': 4.129289840299015e-05, 'epoch': 2.08}
{'loss': 0.3966, 'learning_rate': 4.118671423717296e-05, 'epoch': 2.1}
{'loss': 0.3984, 'learning_rate': 4.108053007135576e-05, 'epoch': 2.12}
{'loss': 0.4047, 'learning_rate': 4.097434590553857e-05, 'epoch': 2.14}
{'loss': 0.4075, 'learning_rate': 4.086816173972137e-05, 'epoch': 2.16}
{'loss': 0.3959, 'learning_rate': 4.076197757390418e-05, 'epoch': 2.18}
{'loss': 0.4059, 'learning_rate': 4.065579340808699e-05, 'epoch': 2.2}
{'loss': 0.395, 'learning_rate': 4.0549609242269793e-05, 'epoch': 2.22}
{'loss': 0.4147, 'learning_rate': 4.04434250764526e-05, 'epoch': 2.24}
{'loss': 0.408, 'learning_rate': 4.033724091063541e-05, 'epoch': 2.26}
{'loss': 0.4139, 'learning_rate': 4.023105674481821e-05, 'epoch': 2.28}
{'loss': 0.4086, 'learning_rate': 4.012487257900102e-05, 'epoch': 2.3}
{'loss': 0.4007, 'learning_rate': 4.001868841318383e-05, 'epoch': 2.32}
{'loss': 0.406, 'learning_rate': 3.991250424736663e-05, 'epoch': 2.34}
{'loss': 0.4019, 'learning_rate': 3.980632008154944e-05, 'epoch': 2.36}
{'loss': 0.411, 'learning_rate': 3.970013591573225e-05, 'epoch': 2.38}
{'loss': 0.426, 'learning_rate': 3.9593951749915057e-05, 'epoch': 2.4}
{'loss': 0.4046, 'learning_rate': 3.948776758409786e-05, 'epoch': 2.42}
{'loss': 0.4238, 'learning_rate': 3.938158341828067e-05, 'epoch': 2.44}
{'loss': 0.4241, 'learning_rate': 3.927539925246347e-05, 'epoch': 2.46}
{'loss': 0.4168, 'learning_rate': 3.9169215086646285e-05, 'epoch': 2.49}
{'loss': 0.4199, 'learning_rate': 3.9063030920829084e-05, 'epoch': 2.51}
{'loss': 0.4155, 'learning_rate': 3.8956846755011896e-05, 'epoch': 2.53}
{'loss': 0.419, 'learning_rate': 3.88506625891947e-05, 'epoch': 2.55}
{'loss': 0.4167, 'learning_rate': 3.874447842337751e-05, 'epoch': 2.57}
{'loss': 0.4182, 'learning_rate': 3.863829425756031e-05, 'epoch': 2.59}
{'loss': 0.4092, 'learning_rate': 3.8532110091743125e-05, 'epoch': 2.61}
{'loss': 0.3991, 'learning_rate': 3.8425925925925924e-05, 'epoch': 2.63}
{'loss': 0.4196, 'learning_rate': 3.8319741760108736e-05, 'epoch': 2.65}
{'loss': 0.4221, 'learning_rate': 3.821355759429154e-05, 'epoch': 2.67}
{'loss': 0.4226, 'learning_rate': 3.810737342847435e-05, 'epoch': 2.69}
{'loss': 0.4039, 'learning_rate': 3.800118926265715e-05, 'epoch': 2.71}
{'loss': 0.4123, 'learning_rate': 3.789500509683996e-05, 'epoch': 2.73}
{'loss': 0.4298, 'learning_rate': 3.778882093102277e-05, 'epoch': 2.75}
{'loss': 0.412, 'learning_rate': 3.7682636765205576e-05, 'epoch': 2.77}
{'loss': 0.4414, 'learning_rate': 3.757645259938838e-05, 'epoch': 2.79}
{'loss': 0.423, 'learning_rate': 3.747026843357119e-05, 'epoch': 2.81}
{'loss': 0.4244, 'learning_rate': 3.7364084267754e-05, 'epoch': 2.83}
{'loss': 0.4057, 'learning_rate': 3.72579001019368e-05, 'epoch': 2.85}
{'loss': 0.4126, 'learning_rate': 3.715171593611961e-05, 'epoch': 2.87}
{'loss': 0.4219, 'learning_rate': 3.7045531770302416e-05, 'epoch': 2.89}
{'loss': 0.4359, 'learning_rate': 3.693934760448522e-05, 'epoch': 2.91}
{'loss': 0.4187, 'learning_rate': 3.683316343866803e-05, 'epoch': 2.93}
{'loss': 0.4132, 'learning_rate': 3.672697927285084e-05, 'epoch': 2.95}
{'loss': 0.4206, 'learning_rate': 3.662079510703364e-05, 'epoch': 2.97}
{'loss': 0.418, 'learning_rate': 3.651461094121645e-05, 'epoch': 2.99}
{'eval_loss': 0.5227115750312805, 'eval_accuracy': 0.8037021969080553, 'eval_runtime': 332.6784, 'eval_samples_per_second': 29.554, 'eval_steps_per_second': 3.694, 'epoch': 3.0}
{'loss': 0.3259, 'learning_rate': 3.6408426775399255e-05, 'epoch': 3.01}
{'loss': 0.3033, 'learning_rate': 3.630224260958206e-05, 'epoch': 3.04}
{'loss': 0.317, 'learning_rate': 3.6196058443764866e-05, 'epoch': 3.06}
{'loss': 0.3099, 'learning_rate': 3.608987427794767e-05, 'epoch': 3.08}
{'loss': 0.3094, 'learning_rate': 3.598369011213048e-05, 'epoch': 3.1}
{'loss': 0.3235, 'learning_rate': 3.587750594631329e-05, 'epoch': 3.12}
{'loss': 0.3113, 'learning_rate': 3.5771321780496095e-05, 'epoch': 3.14}
{'loss': 0.3239, 'learning_rate': 3.56651376146789e-05, 'epoch': 3.16}
{'loss': 0.3123, 'learning_rate': 3.5558953448861706e-05, 'epoch': 3.18}
{'loss': 0.3077, 'learning_rate': 3.545276928304451e-05, 'epoch': 3.2}
{'loss': 0.3236, 'learning_rate': 3.5346585117227324e-05, 'epoch': 3.22}
{'loss': 0.3196, 'learning_rate': 3.524040095141013e-05, 'epoch': 3.24}
{'loss': 0.3244, 'learning_rate': 3.5134216785592935e-05, 'epoch': 3.26}
{'loss': 0.3297, 'learning_rate': 3.502803261977574e-05, 'epoch': 3.28}
{'loss': 0.3446, 'learning_rate': 3.492184845395855e-05, 'epoch': 3.3}
{'loss': 0.3304, 'learning_rate': 3.481566428814135e-05, 'epoch': 3.32}
{'loss': 0.3276, 'learning_rate': 3.4709480122324164e-05, 'epoch': 3.34}
{'loss': 0.3297, 'learning_rate': 3.460329595650696e-05, 'epoch': 3.36}
{'loss': 0.3291, 'learning_rate': 3.4497111790689775e-05, 'epoch': 3.38}
{'loss': 0.3379, 'learning_rate': 3.439092762487258e-05, 'epoch': 3.4}
{'loss': 0.3317, 'learning_rate': 3.4284743459055386e-05, 'epoch': 3.42}
{'loss': 0.3371, 'learning_rate': 3.417855929323819e-05, 'epoch': 3.44}
{'loss': 0.3351, 'learning_rate': 3.4072375127421004e-05, 'epoch': 3.46}
{'loss': 0.3248, 'learning_rate': 3.39661909616038e-05, 'epoch': 3.48}
{'loss': 0.3322, 'learning_rate': 3.3860006795786615e-05, 'epoch': 3.5}
{'loss': 0.3289, 'learning_rate': 3.375382262996942e-05, 'epoch': 3.52}
{'loss': 0.3364, 'learning_rate': 3.3647638464152226e-05, 'epoch': 3.54}
{'loss': 0.3291, 'learning_rate': 3.354145429833503e-05, 'epoch': 3.57}
{'loss': 0.3434, 'learning_rate': 3.343527013251784e-05, 'epoch': 3.59}
{'loss': 0.3443, 'learning_rate': 3.332908596670065e-05, 'epoch': 3.61}
{'loss': 0.3456, 'learning_rate': 3.3222901800883454e-05, 'epoch': 3.63}
{'loss': 0.3434, 'learning_rate': 3.311671763506626e-05, 'epoch': 3.65}
{'loss': 0.3358, 'learning_rate': 3.3010533469249065e-05, 'epoch': 3.67}
{'loss': 0.3558, 'learning_rate': 3.290434930343188e-05, 'epoch': 3.69}
{'loss': 0.3263, 'learning_rate': 3.2798165137614676e-05, 'epoch': 3.71}
{'loss': 0.3325, 'learning_rate': 3.269198097179749e-05, 'epoch': 3.73}
{'loss': 0.336, 'learning_rate': 3.2585796805980294e-05, 'epoch': 3.75}
{'loss': 0.3536, 'learning_rate': 3.24796126401631e-05, 'epoch': 3.77}
{'loss': 0.3377, 'learning_rate': 3.2373428474345905e-05, 'epoch': 3.79}
{'loss': 0.3487, 'learning_rate': 3.226724430852872e-05, 'epoch': 3.81}
{'loss': 0.3419, 'learning_rate': 3.2161060142711516e-05, 'epoch': 3.83}
{'loss': 0.3238, 'learning_rate': 3.205487597689433e-05, 'epoch': 3.85}
{'loss': 0.347, 'learning_rate': 3.1948691811077134e-05, 'epoch': 3.87}
{'loss': 0.3388, 'learning_rate': 3.184250764525994e-05, 'epoch': 3.89}
{'loss': 0.3355, 'learning_rate': 3.1736323479442745e-05, 'epoch': 3.91}
{'loss': 0.3418, 'learning_rate': 3.163013931362556e-05, 'epoch': 3.93}
{'loss': 0.3381, 'learning_rate': 3.152395514780836e-05, 'epoch': 3.95}
{'loss': 0.344, 'learning_rate': 3.141777098199117e-05, 'epoch': 3.97}
{'loss': 0.3342, 'learning_rate': 3.1311586816173974e-05, 'epoch': 3.99}
{'eval_loss': 0.5701217651367188, 'eval_accuracy': 0.8093978844589097, 'eval_runtime': 333.8552, 'eval_samples_per_second': 29.45, 'eval_steps_per_second': 3.681, 'epoch': 4.0}
{'loss': 0.2746, 'learning_rate': 3.120540265035678e-05, 'epoch': 4.01}
{'loss': 0.239, 'learning_rate': 3.109921848453959e-05, 'epoch': 4.03}
{'loss': 0.2431, 'learning_rate': 3.099303431872239e-05, 'epoch': 4.05}
{'loss': 0.2425, 'learning_rate': 3.08868501529052e-05, 'epoch': 4.07}
{'loss': 0.2519, 'learning_rate': 3.078066598708801e-05, 'epoch': 4.09}
{'loss': 0.2534, 'learning_rate': 3.067448182127081e-05, 'epoch': 4.12}
{'loss': 0.2467, 'learning_rate': 3.056829765545362e-05, 'epoch': 4.14}
{'loss': 0.2577, 'learning_rate': 3.0462113489636428e-05, 'epoch': 4.16}
{'loss': 0.2325, 'learning_rate': 3.0355929323819233e-05, 'epoch': 4.18}
{'loss': 0.2717, 'learning_rate': 3.0249745158002042e-05, 'epoch': 4.2}
{'loss': 0.2371, 'learning_rate': 3.014356099218485e-05, 'epoch': 4.22}
{'loss': 0.2701, 'learning_rate': 3.0037376826367653e-05, 'epoch': 4.24}
{'loss': 0.2609, 'learning_rate': 2.9931192660550462e-05, 'epoch': 4.26}
{'loss': 0.2534, 'learning_rate': 2.9825008494733264e-05, 'epoch': 4.28}
{'loss': 0.2543, 'learning_rate': 2.9718824328916073e-05, 'epoch': 4.3}
{'loss': 0.2544, 'learning_rate': 2.9612640163098882e-05, 'epoch': 4.32}
{'loss': 0.2535, 'learning_rate': 2.9506455997281684e-05, 'epoch': 4.34}
{'loss': 0.2747, 'learning_rate': 2.9400271831464493e-05, 'epoch': 4.36}
{'loss': 0.2579, 'learning_rate': 2.9294087665647302e-05, 'epoch': 4.38}
{'loss': 0.265, 'learning_rate': 2.9187903499830104e-05, 'epoch': 4.4}
{'loss': 0.2611, 'learning_rate': 2.9081719334012913e-05, 'epoch': 4.42}
{'loss': 0.2655, 'learning_rate': 2.897553516819572e-05, 'epoch': 4.44}
{'loss': 0.2759, 'learning_rate': 2.8869351002378524e-05, 'epoch': 4.46}
{'loss': 0.273, 'learning_rate': 2.8763166836561333e-05, 'epoch': 4.48}
{'loss': 0.2659, 'learning_rate': 2.865698267074414e-05, 'epoch': 4.5}
{'loss': 0.2543, 'learning_rate': 2.8550798504926947e-05, 'epoch': 4.52}
{'loss': 0.2604, 'learning_rate': 2.8444614339109753e-05, 'epoch': 4.54}
{'loss': 0.2623, 'learning_rate': 2.8338430173292558e-05, 'epoch': 4.56}
{'loss': 0.273, 'learning_rate': 2.8232246007475367e-05, 'epoch': 4.58}
{'loss': 0.2715, 'learning_rate': 2.8126061841658176e-05, 'epoch': 4.6}
{'loss': 0.2758, 'learning_rate': 2.8019877675840978e-05, 'epoch': 4.62}
{'loss': 0.2732, 'learning_rate': 2.7913693510023787e-05, 'epoch': 4.64}
{'loss': 0.2557, 'learning_rate': 2.7807509344206596e-05, 'epoch': 4.67}
{'loss': 0.2757, 'learning_rate': 2.7701325178389398e-05, 'epoch': 4.69}
{'loss': 0.2691, 'learning_rate': 2.7595141012572207e-05, 'epoch': 4.71}
{'loss': 0.2646, 'learning_rate': 2.7488956846755016e-05, 'epoch': 4.73}
{'loss': 0.2679, 'learning_rate': 2.7382772680937818e-05, 'epoch': 4.75}
{'loss': 0.2675, 'learning_rate': 2.7276588515120627e-05, 'epoch': 4.77}
{'loss': 0.2594, 'learning_rate': 2.7170404349303436e-05, 'epoch': 4.79}
{'loss': 0.2699, 'learning_rate': 2.7064220183486238e-05, 'epoch': 4.81}
{'loss': 0.2734, 'learning_rate': 2.6958036017669047e-05, 'epoch': 4.83}
{'loss': 0.2658, 'learning_rate': 2.6851851851851855e-05, 'epoch': 4.85}
{'loss': 0.2734, 'learning_rate': 2.6745667686034658e-05, 'epoch': 4.87}
{'loss': 0.2783, 'learning_rate': 2.6639483520217466e-05, 'epoch': 4.89}
{'loss': 0.2731, 'learning_rate': 2.6533299354400272e-05, 'epoch': 4.91}
{'loss': 0.2686, 'learning_rate': 2.642711518858308e-05, 'epoch': 4.93}
{'loss': 0.2796, 'learning_rate': 2.6320931022765886e-05, 'epoch': 4.95}
{'loss': 0.2698, 'learning_rate': 2.6214746856948692e-05, 'epoch': 4.97}
{'loss': 0.2837, 'learning_rate': 2.61085626911315e-05, 'epoch': 4.99}
{'eval_loss': 0.6369064450263977, 'eval_accuracy': 0.8125508543531327, 'eval_runtime': 332.3082, 'eval_samples_per_second': 29.587, 'eval_steps_per_second': 3.698, 'epoch': 5.0}
{'loss': 0.2218, 'learning_rate': 2.600237852531431e-05, 'epoch': 5.01}
{'loss': 0.1891, 'learning_rate': 2.589619435949711e-05, 'epoch': 5.03}
{'loss': 0.1998, 'learning_rate': 2.579001019367992e-05, 'epoch': 5.05}
{'loss': 0.2035, 'learning_rate': 2.568382602786273e-05, 'epoch': 5.07}
{'loss': 0.1889, 'learning_rate': 2.557764186204553e-05, 'epoch': 5.09}
{'loss': 0.1985, 'learning_rate': 2.547145769622834e-05, 'epoch': 5.11}
{'loss': 0.1972, 'learning_rate': 2.536527353041115e-05, 'epoch': 5.13}
{'loss': 0.2007, 'learning_rate': 2.525908936459395e-05, 'epoch': 5.15}
{'loss': 0.2027, 'learning_rate': 2.515290519877676e-05, 'epoch': 5.17}
{'loss': 0.2083, 'learning_rate': 2.5046721032959562e-05, 'epoch': 5.19}
{'loss': 0.1981, 'learning_rate': 2.494053686714237e-05, 'epoch': 5.22}
{'loss': 0.2011, 'learning_rate': 2.483435270132518e-05, 'epoch': 5.24}
{'loss': 0.2111, 'learning_rate': 2.4728168535507986e-05, 'epoch': 5.26}
{'loss': 0.2042, 'learning_rate': 2.462198436969079e-05, 'epoch': 5.28}
{'loss': 0.207, 'learning_rate': 2.45158002038736e-05, 'epoch': 5.3}
{'loss': 0.207, 'learning_rate': 2.4409616038056406e-05, 'epoch': 5.32}
{'loss': 0.2013, 'learning_rate': 2.4303431872239214e-05, 'epoch': 5.34}
{'loss': 0.203, 'learning_rate': 2.419724770642202e-05, 'epoch': 5.36}
{'loss': 0.2073, 'learning_rate': 2.409106354060483e-05, 'epoch': 5.38}
{'loss': 0.2134, 'learning_rate': 2.3984879374787634e-05, 'epoch': 5.4}
{'loss': 0.1979, 'learning_rate': 2.387869520897044e-05, 'epoch': 5.42}
{'loss': 0.2183, 'learning_rate': 2.3772511043153245e-05, 'epoch': 5.44}
{'loss': 0.2149, 'learning_rate': 2.3666326877336054e-05, 'epoch': 5.46}
{'loss': 0.2132, 'learning_rate': 2.356014271151886e-05, 'epoch': 5.48}
{'loss': 0.1936, 'learning_rate': 2.3453958545701665e-05, 'epoch': 5.5}
{'loss': 0.2144, 'learning_rate': 2.3347774379884474e-05, 'epoch': 5.52}
{'loss': 0.2138, 'learning_rate': 2.324159021406728e-05, 'epoch': 5.54}
{'loss': 0.2119, 'learning_rate': 2.3135406048250085e-05, 'epoch': 5.56}
{'loss': 0.2087, 'learning_rate': 2.302922188243289e-05, 'epoch': 5.58}
{'loss': 0.2076, 'learning_rate': 2.29230377166157e-05, 'epoch': 5.6}
{'loss': 0.2196, 'learning_rate': 2.2816853550798505e-05, 'epoch': 5.62}
{'loss': 0.2261, 'learning_rate': 2.271066938498131e-05, 'epoch': 5.64}
{'loss': 0.2175, 'learning_rate': 2.260448521916412e-05, 'epoch': 5.66}
{'loss': 0.2072, 'learning_rate': 2.2498301053346925e-05, 'epoch': 5.68}
{'loss': 0.2229, 'learning_rate': 2.2392116887529734e-05, 'epoch': 5.7}
{'loss': 0.2265, 'learning_rate': 2.228593272171254e-05, 'epoch': 5.72}
{'loss': 0.2307, 'learning_rate': 2.2179748555895348e-05, 'epoch': 5.74}
{'loss': 0.2151, 'learning_rate': 2.2073564390078154e-05, 'epoch': 5.77}
{'loss': 0.2331, 'learning_rate': 2.196738022426096e-05, 'epoch': 5.79}
{'loss': 0.2164, 'learning_rate': 2.1861196058443768e-05, 'epoch': 5.81}
{'loss': 0.212, 'learning_rate': 2.1755011892626574e-05, 'epoch': 5.83}
{'loss': 0.2185, 'learning_rate': 2.164882772680938e-05, 'epoch': 5.85}
{'loss': 0.2156, 'learning_rate': 2.1542643560992185e-05, 'epoch': 5.87}
{'loss': 0.2105, 'learning_rate': 2.1436459395174993e-05, 'epoch': 5.89}
{'loss': 0.2214, 'learning_rate': 2.13302752293578e-05, 'epoch': 5.91}
{'loss': 0.2069, 'learning_rate': 2.1224091063540604e-05, 'epoch': 5.93}
{'loss': 0.2185, 'learning_rate': 2.1117906897723413e-05, 'epoch': 5.95}
{'loss': 0.2199, 'learning_rate': 2.101172273190622e-05, 'epoch': 5.97}
{'loss': 0.2344, 'learning_rate': 2.0905538566089024e-05, 'epoch': 5.99}
{'eval_loss': 0.7338173985481262, 'eval_accuracy': 0.8104149715215623, 'eval_runtime': 332.6297, 'eval_samples_per_second': 29.558, 'eval_steps_per_second': 3.695, 'epoch': 6.0}
{'loss': 0.1953, 'learning_rate': 2.0799354400271833e-05, 'epoch': 6.01}
{'loss': 0.1388, 'learning_rate': 2.069317023445464e-05, 'epoch': 6.03}
{'loss': 0.1481, 'learning_rate': 2.0586986068637444e-05, 'epoch': 6.05}
{'loss': 0.1591, 'learning_rate': 2.048080190282025e-05, 'epoch': 6.07}
{'loss': 0.1614, 'learning_rate': 2.037461773700306e-05, 'epoch': 6.09}
{'loss': 0.17, 'learning_rate': 2.0268433571185868e-05, 'epoch': 6.11}
{'loss': 0.165, 'learning_rate': 2.0162249405368673e-05, 'epoch': 6.13}
{'loss': 0.1521, 'learning_rate': 2.0056065239551482e-05, 'epoch': 6.15}
{'loss': 0.1656, 'learning_rate': 1.9949881073734287e-05, 'epoch': 6.17}
{'loss': 0.1672, 'learning_rate': 1.9843696907917093e-05, 'epoch': 6.19}
{'loss': 0.1654, 'learning_rate': 1.97375127420999e-05, 'epoch': 6.21}
{'loss': 0.1584, 'learning_rate': 1.9631328576282707e-05, 'epoch': 6.23}
{'loss': 0.1636, 'learning_rate': 1.9525144410465513e-05, 'epoch': 6.25}
{'loss': 0.1581, 'learning_rate': 1.9418960244648318e-05, 'epoch': 6.27}
{'loss': 0.1597, 'learning_rate': 1.9312776078831127e-05, 'epoch': 6.29}
{'loss': 0.1623, 'learning_rate': 1.9206591913013933e-05, 'epoch': 6.32}
{'loss': 0.1777, 'learning_rate': 1.9100407747196738e-05, 'epoch': 6.34}
{'loss': 0.1785, 'learning_rate': 1.8994223581379544e-05, 'epoch': 6.36}
{'loss': 0.1695, 'learning_rate': 1.8888039415562353e-05, 'epoch': 6.38}
{'loss': 0.1627, 'learning_rate': 1.8781855249745158e-05, 'epoch': 6.4}
{'loss': 0.1798, 'learning_rate': 1.8675671083927964e-05, 'epoch': 6.42}
{'loss': 0.1643, 'learning_rate': 1.8569486918110772e-05, 'epoch': 6.44}
{'loss': 0.1682, 'learning_rate': 1.8463302752293578e-05, 'epoch': 6.46}
{'loss': 0.1587, 'learning_rate': 1.8357118586476383e-05, 'epoch': 6.48}
{'loss': 0.1671, 'learning_rate': 1.8250934420659192e-05, 'epoch': 6.5}
{'loss': 0.1642, 'learning_rate': 1.8144750254841998e-05, 'epoch': 6.52}
{'loss': 0.1747, 'learning_rate': 1.8038566089024807e-05, 'epoch': 6.54}
{'loss': 0.1808, 'learning_rate': 1.7932381923207612e-05, 'epoch': 6.56}
{'loss': 0.1699, 'learning_rate': 1.782619775739042e-05, 'epoch': 6.58}
{'loss': 0.1697, 'learning_rate': 1.7720013591573227e-05, 'epoch': 6.6}
{'loss': 0.1731, 'learning_rate': 1.7613829425756032e-05, 'epoch': 6.62}
{'loss': 0.1726, 'learning_rate': 1.7507645259938838e-05, 'epoch': 6.64}
{'loss': 0.1743, 'learning_rate': 1.7401461094121646e-05, 'epoch': 6.66}
{'loss': 0.1754, 'learning_rate': 1.7295276928304452e-05, 'epoch': 6.68}
{'loss': 0.1656, 'learning_rate': 1.7189092762487257e-05, 'epoch': 6.7}
{'loss': 0.1737, 'learning_rate': 1.7082908596670066e-05, 'epoch': 6.72}
{'loss': 0.165, 'learning_rate': 1.6976724430852872e-05, 'epoch': 6.74}
{'loss': 0.1725, 'learning_rate': 1.6870540265035677e-05, 'epoch': 6.76}
{'loss': 0.1612, 'learning_rate': 1.6764356099218486e-05, 'epoch': 6.78}
{'loss': 0.1793, 'learning_rate': 1.6658171933401292e-05, 'epoch': 6.8}
{'loss': 0.1765, 'learning_rate': 1.6551987767584097e-05, 'epoch': 6.82}
{'loss': 0.1666, 'learning_rate': 1.6445803601766903e-05, 'epoch': 6.84}
{'loss': 0.1601, 'learning_rate': 1.633961943594971e-05, 'epoch': 6.87}
{'loss': 0.1627, 'learning_rate': 1.6233435270132517e-05, 'epoch': 6.89}
{'loss': 0.1641, 'learning_rate': 1.6127251104315326e-05, 'epoch': 6.91}
{'loss': 0.1723, 'learning_rate': 1.602106693849813e-05, 'epoch': 6.93}
{'loss': 0.1683, 'learning_rate': 1.591488277268094e-05, 'epoch': 6.95}
{'loss': 0.1754, 'learning_rate': 1.5808698606863746e-05, 'epoch': 6.97}
{'loss': 0.1805, 'learning_rate': 1.570251444104655e-05, 'epoch': 6.99}
{'eval_loss': 0.936530590057373, 'eval_accuracy': 0.811126932465419, 'eval_runtime': 332.2617, 'eval_samples_per_second': 29.591, 'eval_steps_per_second': 3.699, 'epoch': 7.0}
{'loss': 0.1479, 'learning_rate': 1.559633027522936e-05, 'epoch': 7.01}
{'loss': 0.0977, 'learning_rate': 1.5490146109412166e-05, 'epoch': 7.03}
{'loss': 0.109, 'learning_rate': 1.538396194359497e-05, 'epoch': 7.05}
{'loss': 0.1214, 'learning_rate': 1.527777777777778e-05, 'epoch': 7.07}
{'loss': 0.1118, 'learning_rate': 1.5171593611960586e-05, 'epoch': 7.09}
{'loss': 0.1158, 'learning_rate': 1.5065409446143391e-05, 'epoch': 7.11}
{'loss': 0.1216, 'learning_rate': 1.4959225280326197e-05, 'epoch': 7.13}
{'loss': 0.1148, 'learning_rate': 1.4853041114509006e-05, 'epoch': 7.15}
{'loss': 0.1246, 'learning_rate': 1.4746856948691811e-05, 'epoch': 7.17}
{'loss': 0.1134, 'learning_rate': 1.4640672782874618e-05, 'epoch': 7.19}
{'loss': 0.1071, 'learning_rate': 1.4534488617057425e-05, 'epoch': 7.21}
{'loss': 0.1146, 'learning_rate': 1.4428304451240233e-05, 'epoch': 7.23}
{'loss': 0.1153, 'learning_rate': 1.4322120285423038e-05, 'epoch': 7.25}
{'loss': 0.1129, 'learning_rate': 1.4215936119605844e-05, 'epoch': 7.27}
{'loss': 0.1224, 'learning_rate': 1.4109751953788653e-05, 'epoch': 7.29}
{'loss': 0.1214, 'learning_rate': 1.4003567787971458e-05, 'epoch': 7.31}
{'loss': 0.1225, 'learning_rate': 1.3897383622154264e-05, 'epoch': 7.33}
{'loss': 0.1262, 'learning_rate': 1.3791199456337072e-05, 'epoch': 7.35}
{'loss': 0.1147, 'learning_rate': 1.3685015290519878e-05, 'epoch': 7.37}
{'loss': 0.1184, 'learning_rate': 1.3578831124702685e-05, 'epoch': 7.39}
{'loss': 0.1143, 'learning_rate': 1.347264695888549e-05, 'epoch': 7.42}
{'loss': 0.1384, 'learning_rate': 1.33664627930683e-05, 'epoch': 7.44}
{'loss': 0.1131, 'learning_rate': 1.3260278627251105e-05, 'epoch': 7.46}
{'loss': 0.1031, 'learning_rate': 1.315409446143391e-05, 'epoch': 7.48}
{'loss': 0.1189, 'learning_rate': 1.304791029561672e-05, 'epoch': 7.5}
{'loss': 0.1354, 'learning_rate': 1.2941726129799525e-05, 'epoch': 7.52}
{'loss': 0.1186, 'learning_rate': 1.283554196398233e-05, 'epoch': 7.54}
{'loss': 0.135, 'learning_rate': 1.2729357798165138e-05, 'epoch': 7.56}
{'loss': 0.1097, 'learning_rate': 1.2623173632347945e-05, 'epoch': 7.58}
{'loss': 0.1326, 'learning_rate': 1.2516989466530752e-05, 'epoch': 7.6}
{'loss': 0.1143, 'learning_rate': 1.241080530071356e-05, 'epoch': 7.62}
{'loss': 0.1263, 'learning_rate': 1.2304621134896365e-05, 'epoch': 7.64}
{'loss': 0.1223, 'learning_rate': 1.2198436969079172e-05, 'epoch': 7.66}
{'loss': 0.1232, 'learning_rate': 1.2092252803261977e-05, 'epoch': 7.68}
{'loss': 0.1239, 'learning_rate': 1.1986068637444785e-05, 'epoch': 7.7}
{'loss': 0.125, 'learning_rate': 1.1879884471627592e-05, 'epoch': 7.72}
{'loss': 0.1101, 'learning_rate': 1.1773700305810397e-05, 'epoch': 7.74}
{'loss': 0.1224, 'learning_rate': 1.1667516139993204e-05, 'epoch': 7.76}
{'loss': 0.1221, 'learning_rate': 1.1561331974176012e-05, 'epoch': 7.78}
{'loss': 0.1185, 'learning_rate': 1.1455147808358819e-05, 'epoch': 7.8}
{'loss': 0.121, 'learning_rate': 1.1348963642541626e-05, 'epoch': 7.82}
{'loss': 0.1081, 'learning_rate': 1.1242779476724432e-05, 'epoch': 7.84}
{'loss': 0.1155, 'learning_rate': 1.1136595310907239e-05, 'epoch': 7.86}
{'loss': 0.1142, 'learning_rate': 1.1030411145090044e-05, 'epoch': 7.88}
{'loss': 0.1296, 'learning_rate': 1.0924226979272851e-05, 'epoch': 7.9}
{'loss': 0.1145, 'learning_rate': 1.0818042813455657e-05, 'epoch': 7.92}
{'loss': 0.1293, 'learning_rate': 1.0711858647638464e-05, 'epoch': 7.94}
{'loss': 0.1015, 'learning_rate': 1.0605674481821271e-05, 'epoch': 7.97}
{'loss': 0.1123, 'learning_rate': 1.0499490316004079e-05, 'epoch': 7.99}
{'eval_loss': 1.108435034751892, 'eval_accuracy': 0.8117371847030106, 'eval_runtime': 332.6831, 'eval_samples_per_second': 29.554, 'eval_steps_per_second': 3.694, 'epoch': 8.0}
{'loss': 0.0997, 'learning_rate': 1.0393306150186886e-05, 'epoch': 8.01}
{'loss': 0.0672, 'learning_rate': 1.0287121984369691e-05, 'epoch': 8.03}
{'loss': 0.0798, 'learning_rate': 1.0180937818552498e-05, 'epoch': 8.05}
{'loss': 0.0782, 'learning_rate': 1.0074753652735304e-05, 'epoch': 8.07}
{'loss': 0.0777, 'learning_rate': 9.968569486918111e-06, 'epoch': 8.09}
{'loss': 0.0721, 'learning_rate': 9.862385321100918e-06, 'epoch': 8.11}
{'loss': 0.0772, 'learning_rate': 9.756201155283724e-06, 'epoch': 8.13}
{'loss': 0.0786, 'learning_rate': 9.650016989466531e-06, 'epoch': 8.15}
{'loss': 0.0833, 'learning_rate': 9.543832823649338e-06, 'epoch': 8.17}
{'loss': 0.0769, 'learning_rate': 9.437648657832145e-06, 'epoch': 8.19}
{'loss': 0.0727, 'learning_rate': 9.331464492014951e-06, 'epoch': 8.21}
{'loss': 0.0784, 'learning_rate': 9.225280326197758e-06, 'epoch': 8.23}
{'loss': 0.0779, 'learning_rate': 9.119096160380565e-06, 'epoch': 8.25}
{'loss': 0.0736, 'learning_rate': 9.01291199456337e-06, 'epoch': 8.27}
{'loss': 0.0786, 'learning_rate': 8.906727828746178e-06, 'epoch': 8.29}
{'loss': 0.0858, 'learning_rate': 8.800543662928983e-06, 'epoch': 8.31}
{'loss': 0.0763, 'learning_rate': 8.69435949711179e-06, 'epoch': 8.33}
{'loss': 0.0682, 'learning_rate': 8.588175331294598e-06, 'epoch': 8.35}
{'loss': 0.0817, 'learning_rate': 8.481991165477405e-06, 'epoch': 8.37}
{'loss': 0.0798, 'learning_rate': 8.375806999660212e-06, 'epoch': 8.39}
{'loss': 0.0766, 'learning_rate': 8.269622833843018e-06, 'epoch': 8.41}
{'loss': 0.0806, 'learning_rate': 8.163438668025825e-06, 'epoch': 8.43}
{'loss': 0.0761, 'learning_rate': 8.05725450220863e-06, 'epoch': 8.45}
{'loss': 0.0737, 'learning_rate': 7.951070336391438e-06, 'epoch': 8.47}
{'loss': 0.0818, 'learning_rate': 7.844886170574245e-06, 'epoch': 8.49}
{'loss': 0.0679, 'learning_rate': 7.73870200475705e-06, 'epoch': 8.52}
{'loss': 0.0785, 'learning_rate': 7.632517838939857e-06, 'epoch': 8.54}
{'loss': 0.0692, 'learning_rate': 7.526333673122664e-06, 'epoch': 8.56}
{'loss': 0.071, 'learning_rate': 7.420149507305471e-06, 'epoch': 8.58}
{'loss': 0.069, 'learning_rate': 7.3139653414882765e-06, 'epoch': 8.6}
{'loss': 0.0853, 'learning_rate': 7.2077811756710846e-06, 'epoch': 8.62}
{'loss': 0.0752, 'learning_rate': 7.101597009853892e-06, 'epoch': 8.64}
{'loss': 0.0803, 'learning_rate': 6.995412844036697e-06, 'epoch': 8.66}
{'loss': 0.0787, 'learning_rate': 6.8892286782195045e-06, 'epoch': 8.68}
{'loss': 0.0818, 'learning_rate': 6.78304451240231e-06, 'epoch': 8.7}
{'loss': 0.0816, 'learning_rate': 6.676860346585118e-06, 'epoch': 8.72}
{'loss': 0.0691, 'learning_rate': 6.570676180767925e-06, 'epoch': 8.74}
{'loss': 0.0754, 'learning_rate': 6.464492014950731e-06, 'epoch': 8.76}
{'loss': 0.079, 'learning_rate': 6.358307849133538e-06, 'epoch': 8.78}
{'loss': 0.0722, 'learning_rate': 6.252123683316343e-06, 'epoch': 8.8}
{'loss': 0.0747, 'learning_rate': 6.145939517499151e-06, 'epoch': 8.82}
{'loss': 0.0663, 'learning_rate': 6.039755351681958e-06, 'epoch': 8.84}
{'loss': 0.0687, 'learning_rate': 5.933571185864764e-06, 'epoch': 8.86}
{'loss': 0.0701, 'learning_rate': 5.8273870200475705e-06, 'epoch': 8.88}
{'loss': 0.0783, 'learning_rate': 5.721202854230377e-06, 'epoch': 8.9}
{'loss': 0.0669, 'learning_rate': 5.615018688413184e-06, 'epoch': 8.92}
{'loss': 0.0794, 'learning_rate': 5.508834522595991e-06, 'epoch': 8.94}
{'loss': 0.0642, 'learning_rate': 5.4026503567787975e-06, 'epoch': 8.96}
{'loss': 0.0833, 'learning_rate': 5.296466190961604e-06, 'epoch': 8.98}
{'eval_loss': 1.1633353233337402, 'eval_accuracy': 0.8150935720097641, 'eval_runtime': 332.6122, 'eval_samples_per_second': 29.56, 'eval_steps_per_second': 3.695, 'epoch': 9.0}
{'loss': 0.064, 'learning_rate': 5.19028202514441e-06, 'epoch': 9.0}
{'loss': 0.0482, 'learning_rate': 5.084097859327217e-06, 'epoch': 9.02}
{'loss': 0.0519, 'learning_rate': 4.977913693510024e-06, 'epoch': 9.04}
{'loss': 0.0476, 'learning_rate': 4.871729527692831e-06, 'epoch': 9.07}
{'loss': 0.0417, 'learning_rate': 4.765545361875637e-06, 'epoch': 9.09}
{'loss': 0.0402, 'learning_rate': 4.659361196058444e-06, 'epoch': 9.11}
{'loss': 0.0459, 'learning_rate': 4.553177030241251e-06, 'epoch': 9.13}
{'loss': 0.0334, 'learning_rate': 4.446992864424057e-06, 'epoch': 9.15}
{'loss': 0.0442, 'learning_rate': 4.3408086986068635e-06, 'epoch': 9.17}
{'loss': 0.0458, 'learning_rate': 4.234624532789671e-06, 'epoch': 9.19}
{'loss': 0.0446, 'learning_rate': 4.128440366972477e-06, 'epoch': 9.21}
{'loss': 0.0398, 'learning_rate': 4.022256201155284e-06, 'epoch': 9.23}
{'loss': 0.0425, 'learning_rate': 3.916072035338091e-06, 'epoch': 9.25}
{'loss': 0.0536, 'learning_rate': 3.809887869520897e-06, 'epoch': 9.27}
{'loss': 0.0383, 'learning_rate': 3.7037037037037037e-06, 'epoch': 9.29}
{'loss': 0.0448, 'learning_rate': 3.59751953788651e-06, 'epoch': 9.31}
{'loss': 0.0425, 'learning_rate': 3.4913353720693173e-06, 'epoch': 9.33}
{'loss': 0.042, 'learning_rate': 3.385151206252124e-06, 'epoch': 9.35}
{'loss': 0.0454, 'learning_rate': 3.2789670404349304e-06, 'epoch': 9.37}
{'loss': 0.052, 'learning_rate': 3.172782874617737e-06, 'epoch': 9.39}
{'loss': 0.0492, 'learning_rate': 3.0665987088005435e-06, 'epoch': 9.41}
{'loss': 0.0435, 'learning_rate': 2.9604145429833507e-06, 'epoch': 9.43}
{'loss': 0.0449, 'learning_rate': 2.854230377166157e-06, 'epoch': 9.45}
{'loss': 0.0493, 'learning_rate': 2.748046211348964e-06, 'epoch': 9.47}
{'loss': 0.0425, 'learning_rate': 2.6418620455317706e-06, 'epoch': 9.49}
{'loss': 0.0441, 'learning_rate': 2.535677879714577e-06, 'epoch': 9.51}
{'loss': 0.0365, 'learning_rate': 2.4294937138973837e-06, 'epoch': 9.53}
{'loss': 0.0375, 'learning_rate': 2.3233095480801905e-06, 'epoch': 9.55}
{'loss': 0.0392, 'learning_rate': 2.2171253822629973e-06, 'epoch': 9.57}
{'loss': 0.0393, 'learning_rate': 2.1109412164458036e-06, 'epoch': 9.6}
{'loss': 0.0407, 'learning_rate': 2.0047570506286104e-06, 'epoch': 9.62}
{'loss': 0.0475, 'learning_rate': 1.8985728848114171e-06, 'epoch': 9.64}
{'loss': 0.0372, 'learning_rate': 1.7923887189942235e-06, 'epoch': 9.66}
{'loss': 0.0418, 'learning_rate': 1.6862045531770305e-06, 'epoch': 9.68}
{'loss': 0.0392, 'learning_rate': 1.580020387359837e-06, 'epoch': 9.7}
{'loss': 0.0405, 'learning_rate': 1.4738362215426436e-06, 'epoch': 9.72}
{'loss': 0.0428, 'learning_rate': 1.3676520557254504e-06, 'epoch': 9.74}
{'loss': 0.0418, 'learning_rate': 1.261467889908257e-06, 'epoch': 9.76}
{'loss': 0.0377, 'learning_rate': 1.1552837240910635e-06, 'epoch': 9.78}
{'loss': 0.0475, 'learning_rate': 1.0490995582738702e-06, 'epoch': 9.8}
{'loss': 0.0399, 'learning_rate': 9.429153924566768e-07, 'epoch': 9.82}
{'loss': 0.0403, 'learning_rate': 8.367312266394836e-07, 'epoch': 9.84}
{'loss': 0.0409, 'learning_rate': 7.305470608222901e-07, 'epoch': 9.86}
{'loss': 0.0524, 'learning_rate': 6.243628950050969e-07, 'epoch': 9.88}
{'loss': 0.0498, 'learning_rate': 5.181787291879036e-07, 'epoch': 9.9}
{'loss': 0.0451, 'learning_rate': 4.1199456337071017e-07, 'epoch': 9.92}
{'loss': 0.0456, 'learning_rate': 3.0581039755351683e-07, 'epoch': 9.94}
{'loss': 0.0402, 'learning_rate': 1.9962623173632347e-07, 'epoch': 9.96}
{'loss': 0.0373, 'learning_rate': 9.344206591913015e-08, 'epoch': 9.98}
{'eval_loss': 1.3249263763427734, 'eval_accuracy': 0.815907241659886, 'eval_runtime': 332.7514, 'eval_samples_per_second': 29.548, 'eval_steps_per_second': 3.693, 'epoch': 10.0}
{'train_runtime': 381642.9446, 'train_samples_per_second': 10.29, 'train_steps_per_second': 0.643, 'train_loss': 0.2739465888118495, 'epoch': 10.0}
Total training time: 381642.97 seconds
######################################################################
layer-wise fine-tuning top 1
/usr/lib/python3/dist-packages/requests/__init__.py:89: RequestsDependencyWarning: urllib3 (2.0.2) or chardet (3.0.4) doesn't match a supported version!
  warnings.warn("urllib3 ({}) or chardet ({}) doesn't match a supported "
Using cuda

  0%|          | 0/2 [00:00<?, ?it/s]
100%|██████████| 2/2 [00:00<00:00, 310.22it/s]

Map:   0%|          | 0/9832 [00:00<?, ? examples/s]
Map:  10%|█         | 1000/9832 [00:00<00:03, 2796.12 examples/s]
Map:  20%|██        | 2000/9832 [00:00<00:02, 3211.81 examples/s]
Map:  31%|███       | 3000/9832 [00:00<00:02, 2991.02 examples/s]
Map:  41%|████      | 4000/9832 [00:01<00:01, 3283.58 examples/s]
Map:  51%|█████     | 5000/9832 [00:01<00:01, 3490.46 examples/s]
Map:  61%|██████    | 6000/9832 [00:01<00:01, 3604.30 examples/s]
Map:  71%|███████   | 7000/9832 [00:02<00:00, 3671.67 examples/s]
Map:  81%|████████▏ | 8000/9832 [00:02<00:00, 3732.64 examples/s]
Map:  92%|█████████▏| 9000/9832 [00:02<00:00, 3761.43 examples/s]
Map: 100%|██████████| 9832/9832 [00:02<00:00, 3794.55 examples/s]
                                                                 slurmstepd-gypsum-gpu007: error: *** JOB 7531661 ON gypsum-gpu007 CANCELLED AT 2023-05-24T04:19:41 ***
