######################################################################
layer-wise fine-tuning top 4
/usr/lib/python3/dist-packages/requests/__init__.py:89: RequestsDependencyWarning: urllib3 (1.26.15) or chardet (3.0.4) doesn't match a supported version!
  warnings.warn("urllib3 ({}) or chardet ({}) doesn't match a supported "
  0%|          | 0/3 [00:00<?, ?it/s] 33%|███▎      | 1/3 [00:02<00:05,  2.74s/it] 67%|██████▋   | 2/3 [00:04<00:01,  1.94s/it]100%|██████████| 3/3 [00:04<00:00,  1.40s/it]
Traceback (most recent call last):
  File "code/fine_tuner.py", line 114, in <module>
    main(args)
  File "code/fine_tuner.py", line 48, in main
    model = BertForSequenceClassification.from_pretrained(model_name, num_labels=len(train_dataset.unique("label")))
  File "/home/gbelapurkar_umass_edu/.local/lib/python3.8/site-packages/datasets/arrow_dataset.py", line 1768, in unique
    raise ValueError(f"Column ({column}) not in table columns ({self._data.column_names}).")
ValueError: Column (label) not in table columns (['input_ids', 'token_type_ids', 'attention_mask']).
######################################################################
layer-wise fine-tuning top 5
/usr/lib/python3/dist-packages/requests/__init__.py:89: RequestsDependencyWarning: urllib3 (1.26.15) or chardet (3.0.4) doesn't match a supported version!
  warnings.warn("urllib3 ({}) or chardet ({}) doesn't match a supported "
  0%|          | 0/3 [00:00<?, ?it/s]100%|██████████| 3/3 [00:00<00:00, 142.86it/s]
Traceback (most recent call last):
  File "code/fine_tuner.py", line 114, in <module>
    main(args)
  File "code/fine_tuner.py", line 48, in main
    model = BertForSequenceClassification.from_pretrained(model_name, num_labels=len(train_dataset.unique("label")))
  File "/home/gbelapurkar_umass_edu/.local/lib/python3.8/site-packages/datasets/arrow_dataset.py", line 1768, in unique
    raise ValueError(f"Column ({column}) not in table columns ({self._data.column_names}).")
ValueError: Column (label) not in table columns (['input_ids', 'token_type_ids', 'attention_mask']).
######################################################################
finished
