######################################################################
full model fine-tuning
/usr/lib/python3/dist-packages/requests/__init__.py:89: RequestsDependencyWarning: urllib3 (2.0.2) or chardet (3.0.4) doesn't match a supported version!
  warnings.warn("urllib3 ({}) or chardet ({}) doesn't match a supported "
Using cuda
  0%|          | 0/3 [00:00<?, ?it/s] 33%|███▎      | 1/3 [00:00<00:00,  9.85it/s]100%|██████████| 3/3 [00:00<00:00, 23.55it/s]
/home/schalkapurka_umass_edu/.local/lib/python3.8/site-packages/transformers/optimization.py:391: FutureWarning: This implementation of AdamW is deprecated and will be removed in a future version. Use the PyTorch implementation torch.optim.AdamW instead, or set `no_deprecation_warning=True` to disable this warning
  warnings.warn(
{'eval_loss': 3.1661012172698975, 'eval_accuracy': 0.22933333333333333, 'eval_runtime': 53.5069, 'eval_samples_per_second': 28.034, 'eval_steps_per_second': 3.514, 'epoch': 1.0}
{'loss': 4.4041, 'learning_rate': 2.5e-06, 'epoch': 1.39}
{'eval_loss': 0.6740052700042725, 'eval_accuracy': 0.22933333333333333, 'eval_runtime': 53.3268, 'eval_samples_per_second': 28.128, 'eval_steps_per_second': 3.525, 'epoch': 2.0}
{'loss': 0.7535, 'learning_rate': 5e-06, 'epoch': 2.78}
{'eval_loss': 0.589287519454956, 'eval_accuracy': 0.22933333333333333, 'eval_runtime': 53.2575, 'eval_samples_per_second': 28.165, 'eval_steps_per_second': 3.53, 'epoch': 3.0}
{'eval_loss': 0.627828061580658, 'eval_accuracy': 0.22933333333333333, 'eval_runtime': 55.7865, 'eval_samples_per_second': 26.888, 'eval_steps_per_second': 3.37, 'epoch': 4.0}
{'loss': 0.4963, 'learning_rate': 7.5e-06, 'epoch': 4.17}
{'eval_loss': 0.4673771262168884, 'eval_accuracy': 0.22933333333333333, 'eval_runtime': 55.604, 'eval_samples_per_second': 26.976, 'eval_steps_per_second': 3.381, 'epoch': 5.0}
{'loss': 0.3246, 'learning_rate': 1e-05, 'epoch': 5.56}
{'eval_loss': 0.47118425369262695, 'eval_accuracy': 0.22933333333333333, 'eval_runtime': 54.9458, 'eval_samples_per_second': 27.3, 'eval_steps_per_second': 3.422, 'epoch': 6.0}
{'loss': 0.2271, 'learning_rate': 1.25e-05, 'epoch': 6.95}
{'eval_loss': 0.5003071427345276, 'eval_accuracy': 0.22933333333333333, 'eval_runtime': 54.7819, 'eval_samples_per_second': 27.381, 'eval_steps_per_second': 3.432, 'epoch': 7.0}
{'eval_loss': 0.47661709785461426, 'eval_accuracy': 0.22933333333333333, 'eval_runtime': 54.881, 'eval_samples_per_second': 27.332, 'eval_steps_per_second': 3.426, 'epoch': 8.0}
{'loss': 0.1612, 'learning_rate': 1.5e-05, 'epoch': 8.34}
{'eval_loss': 0.4796113967895508, 'eval_accuracy': 0.22933333333333333, 'eval_runtime': 54.7522, 'eval_samples_per_second': 27.396, 'eval_steps_per_second': 3.434, 'epoch': 9.0}
{'loss': 0.1404, 'learning_rate': 1.75e-05, 'epoch': 9.74}
{'eval_loss': 0.48669376969337463, 'eval_accuracy': 0.22933333333333333, 'eval_runtime': 53.2218, 'eval_samples_per_second': 28.184, 'eval_steps_per_second': 3.532, 'epoch': 9.99}
{'train_runtime': 6463.9947, 'train_samples_per_second': 8.894, 'train_steps_per_second': 0.555, 'train_loss': 0.9093450110602844, 'epoch': 9.99}
Total training time: 6464.04 seconds
######################################################################
finished
