######################################################################
full model fine-tuning
/usr/lib/python3/dist-packages/requests/__init__.py:89: RequestsDependencyWarning: urllib3 (1.26.15) or chardet (3.0.4) doesn't match a supported version!
  warnings.warn("urllib3 ({}) or chardet ({}) doesn't match a supported "
Using cuda
  0%|          | 0/3 [00:00<?, ?it/s]100%|██████████| 3/3 [00:00<00:00, 35.41it/s]
Map:   0%|          | 0/71 [00:00<?, ? examples/s]Map: 100%|██████████| 71/71 [00:00<00:00, 389.56 examples/s]                                                            /home/gbelapurkar_umass_edu/.local/lib/python3.8/site-packages/transformers/optimization.py:391: FutureWarning: This implementation of AdamW is deprecated and will be removed in a future version. Use the PyTorch implementation torch.optim.AdamW instead, or set `no_deprecation_warning=True` to disable this warning
  warnings.warn(
{'eval_loss': 0.8017117381095886, 'eval_accuracy': 0.5633802816901409, 'eval_runtime': 2.2321, 'eval_samples_per_second': 31.808, 'eval_steps_per_second': 2.24, 'epoch': 1.0}
{'eval_loss': 0.7989335656166077, 'eval_accuracy': 0.5633802816901409, 'eval_runtime': 2.2057, 'eval_samples_per_second': 32.189, 'eval_steps_per_second': 2.267, 'epoch': 2.0}
{'eval_loss': 0.7941132187843323, 'eval_accuracy': 0.5633802816901409, 'eval_runtime': 2.2052, 'eval_samples_per_second': 32.197, 'eval_steps_per_second': 2.267, 'epoch': 3.0}
{'eval_loss': 0.7857121229171753, 'eval_accuracy': 0.5633802816901409, 'eval_runtime': 2.2196, 'eval_samples_per_second': 31.987, 'eval_steps_per_second': 2.253, 'epoch': 4.0}
{'eval_loss': 0.7720803022384644, 'eval_accuracy': 0.5633802816901409, 'eval_runtime': 2.2342, 'eval_samples_per_second': 31.779, 'eval_steps_per_second': 2.238, 'epoch': 5.0}
{'eval_loss': 0.7479020953178406, 'eval_accuracy': 0.5633802816901409, 'eval_runtime': 2.2676, 'eval_samples_per_second': 31.31, 'eval_steps_per_second': 2.205, 'epoch': 6.0}
{'eval_loss': 0.711982250213623, 'eval_accuracy': 0.5633802816901409, 'eval_runtime': 2.1833, 'eval_samples_per_second': 32.52, 'eval_steps_per_second': 2.29, 'epoch': 7.0}
{'eval_loss': 0.6943977475166321, 'eval_accuracy': 0.5633802816901409, 'eval_runtime': 2.2039, 'eval_samples_per_second': 32.215, 'eval_steps_per_second': 2.269, 'epoch': 8.0}
{'eval_loss': 0.6919102072715759, 'eval_accuracy': 0.5633802816901409, 'eval_runtime': 2.2133, 'eval_samples_per_second': 32.079, 'eval_steps_per_second': 2.259, 'epoch': 9.0}
{'eval_loss': 0.6879435777664185, 'eval_accuracy': 0.5633802816901409, 'eval_runtime': 2.184, 'eval_samples_per_second': 32.509, 'eval_steps_per_second': 2.289, 'epoch': 10.0}
{'train_runtime': 722.2709, 'train_samples_per_second': 8.792, 'train_steps_per_second': 0.277, 'train_loss': 0.8162248229980469, 'epoch': 10.0}
Total training time: 722.30 seconds
