######################################################################
full model fine-tuning
/usr/lib/python3/dist-packages/requests/__init__.py:89: RequestsDependencyWarning: urllib3 (1.26.15) or chardet (3.0.4) doesn't match a supported version!
  warnings.warn("urllib3 ({}) or chardet ({}) doesn't match a supported "
Using cuda
  0%|          | 0/3 [00:00<?, ?it/s]100%|██████████| 3/3 [00:00<00:00, 44.19it/s]
/home/gbelapurkar_umass_edu/.local/lib/python3.8/site-packages/transformers/optimization.py:391: FutureWarning: This implementation of AdamW is deprecated and will be removed in a future version. Use the PyTorch implementation torch.optim.AdamW instead, or set `no_deprecation_warning=True` to disable this warning
  warnings.warn(
{'eval_loss': 0.7994356751441956, 'eval_accuracy': 0.5633802816901409, 'eval_runtime': 2.1651, 'eval_samples_per_second': 32.792, 'eval_steps_per_second': 4.157, 'epoch': 1.0}
{'eval_loss': 0.7901166081428528, 'eval_accuracy': 0.5633802816901409, 'eval_runtime': 2.2284, 'eval_samples_per_second': 31.861, 'eval_steps_per_second': 4.039, 'epoch': 2.0}
{'eval_loss': 0.7672762274742126, 'eval_accuracy': 0.5633802816901409, 'eval_runtime': 2.2512, 'eval_samples_per_second': 31.539, 'eval_steps_per_second': 3.998, 'epoch': 3.0}
{'eval_loss': 0.7111525535583496, 'eval_accuracy': 0.5633802816901409, 'eval_runtime': 2.2344, 'eval_samples_per_second': 31.776, 'eval_steps_per_second': 4.028, 'epoch': 4.0}
{'eval_loss': 0.6908707022666931, 'eval_accuracy': 0.5633802816901409, 'eval_runtime': 2.2177, 'eval_samples_per_second': 32.015, 'eval_steps_per_second': 4.058, 'epoch': 5.0}
{'eval_loss': 0.6874048113822937, 'eval_accuracy': 0.5633802816901409, 'eval_runtime': 2.2124, 'eval_samples_per_second': 32.091, 'eval_steps_per_second': 4.068, 'epoch': 6.0}
{'eval_loss': 0.6924445629119873, 'eval_accuracy': 0.5633802816901409, 'eval_runtime': 2.2286, 'eval_samples_per_second': 31.859, 'eval_steps_per_second': 4.038, 'epoch': 7.0}
{'eval_loss': 0.6989798545837402, 'eval_accuracy': 0.5070422535211268, 'eval_runtime': 2.2113, 'eval_samples_per_second': 32.108, 'eval_steps_per_second': 4.07, 'epoch': 8.0}
{'eval_loss': 0.7037848234176636, 'eval_accuracy': 0.4507042253521127, 'eval_runtime': 2.2088, 'eval_samples_per_second': 32.145, 'eval_steps_per_second': 4.075, 'epoch': 9.0}
{'eval_loss': 0.7096357941627502, 'eval_accuracy': 0.43661971830985913, 'eval_runtime': 2.1879, 'eval_samples_per_second': 32.452, 'eval_steps_per_second': 4.114, 'epoch': 10.0}
{'train_runtime': 606.0902, 'train_samples_per_second': 10.477, 'train_steps_per_second': 0.66, 'train_loss': 0.7707630920410157, 'epoch': 10.0}
Total training time: 606.12 seconds
